2021-05-18 21:43:26.057 [main] INFO  eu.mihosoft.freerouting.FreeRouting - Freerouting application is started.
2021-05-18 21:43:26.065 [main] INFO  eu.mihosoft.freerouting.FreeRouting - Opening 'Rectifier.dsn'...
2021-05-18 21:43:26.917 [main] INFO  eu.mihosoft.freerouting.FreeRouting - Opening 'Rectifier.rules'...
2021-05-18 21:43:26.918 [main] ERROR eu.mihosoft.freerouting.FreeRouting - File 'Rectifier.rules' was not found.
2021-05-18 21:43:27.244 [main] INFO  eu.mihosoft.freerouting.FreeRouting - Generating snapshot
2021-05-18 21:43:27.251 [main] TRACE eu.mihosoft.freerouting.FreeRouting - Method 'MainApplication.main()' was performed in 1.31 seconds.
2021-05-18 21:43:27.719 [Thread-0] TRACE eu.mihosoft.freerouting.FreeRouting - Method 'BatchAutorouter.autoroute_pass #1 on board '8fc9857254096965a7e2578588d88fc8' making 47 changes' was performed in 0.35 seconds.
2021-05-18 21:43:27.753 [Thread-0] TRACE eu.mihosoft.freerouting.FreeRouting - Method 'BatchAutorouter.autoroute_pass #2 on board 'a74b33c9c4aba4cfc98518fdf6f085f9' making 0 changes' was performed in 0.01 seconds.
2021-05-18 21:43:27.759 [Thread-0] INFO  eu.mihosoft.freerouting.FreeRouting - Generating snapshot
2021-05-18 21:43:27.772 [Thread-0] INFO  eu.mihosoft.freerouting.FreeRouting - Generating snapshot
2021-05-18 21:43:27.786 [Thread-0] INFO  eu.mihosoft.freerouting.FreeRouting - Generating snapshot
2021-05-18 21:43:27.806 [Thread-0] INFO  eu.mihosoft.freerouting.FreeRouting - Generating snapshot
2021-05-18 21:43:27.834 [Thread-0] INFO  eu.mihosoft.freerouting.FreeRouting - Generating snapshot
2021-05-18 21:43:27.857 [Thread-0] INFO  eu.mihosoft.freerouting.FreeRouting - Generating snapshot
2021-05-18 21:43:27.870 [Thread-0] INFO  eu.mihosoft.freerouting.FreeRouting - Generating snapshot
2021-05-18 21:43:27.889 [Thread-0] INFO  eu.mihosoft.freerouting.FreeRouting - Generating snapshot
2021-05-18 21:43:27.901 [Thread-0] INFO  eu.mihosoft.freerouting.FreeRouting - Generating snapshot
2021-05-18 21:43:27.913 [Thread-0] INFO  eu.mihosoft.freerouting.FreeRouting - Generating snapshot
2021-05-18 21:43:27.940 [Thread-0] INFO  eu.mihosoft.freerouting.FreeRouting - Generating snapshot
2021-05-18 21:43:27.950 [Thread-0] INFO  eu.mihosoft.freerouting.FreeRouting - Generating snapshot
2021-05-18 21:43:27.974 [Thread-0] INFO  eu.mihosoft.freerouting.FreeRouting - Generating snapshot
2021-05-18 21:43:27.987 [Thread-0] INFO  eu.mihosoft.freerouting.FreeRouting - Generating snapshot
2021-05-18 21:43:28.011 [Thread-0] INFO  eu.mihosoft.freerouting.FreeRouting - Generating snapshot
2021-05-18 21:43:28.023 [Thread-0] INFO  eu.mihosoft.freerouting.FreeRouting - Generating snapshot
2021-05-18 21:43:28.042 [Thread-0] INFO  eu.mihosoft.freerouting.FreeRouting - Generating snapshot
2021-05-18 21:43:28.059 [Thread-0] INFO  eu.mihosoft.freerouting.FreeRouting - Generating snapshot
2021-05-18 21:43:28.078 [Thread-0] INFO  eu.mihosoft.freerouting.FreeRouting - Generating snapshot
2021-05-18 21:43:28.085 [Thread-0] INFO  eu.mihosoft.freerouting.FreeRouting - Generating snapshot
2021-05-18 21:43:28.096 [Thread-0] INFO  eu.mihosoft.freerouting.FreeRouting - Generating snapshot
2021-05-18 21:43:28.112 [Thread-0] INFO  eu.mihosoft.freerouting.FreeRouting - Generating snapshot
2021-05-18 21:43:28.128 [Thread-0] INFO  eu.mihosoft.freerouting.FreeRouting - Generating snapshot
2021-05-18 21:43:28.169 [Thread-0] INFO  eu.mihosoft.freerouting.FreeRouting - Generating snapshot
2021-05-18 21:43:28.183 [Thread-0] INFO  eu.mihosoft.freerouting.FreeRouting - Generating snapshot
2021-05-18 21:43:28.197 [Thread-0] INFO  eu.mihosoft.freerouting.FreeRouting - Generating snapshot
2021-05-18 21:43:28.204 [Thread-0] INFO  eu.mihosoft.freerouting.FreeRouting - Generating snapshot
2021-05-18 21:43:28.215 [Thread-0] INFO  eu.mihosoft.freerouting.FreeRouting - Generating snapshot
2021-05-18 21:43:28.231 [Thread-0] INFO  eu.mihosoft.freerouting.FreeRouting - Generating snapshot
2021-05-18 21:43:28.250 [Thread-0] INFO  eu.mihosoft.freerouting.FreeRouting - Generating snapshot
2021-05-18 21:43:28.258 [Thread-0] INFO  eu.mihosoft.freerouting.FreeRouting - Generating snapshot
2021-05-18 21:43:28.270 [Thread-0] INFO  eu.mihosoft.freerouting.FreeRouting - Generating snapshot
2021-05-18 21:43:28.285 [Thread-0] INFO  eu.mihosoft.freerouting.FreeRouting - Generating snapshot
2021-05-18 21:43:28.294 [Thread-0] INFO  eu.mihosoft.freerouting.FreeRouting - Generating snapshot
2021-05-18 21:43:28.313 [Thread-0] INFO  eu.mihosoft.freerouting.FreeRouting - Generating snapshot
2021-05-18 21:43:28.320 [Thread-0] INFO  eu.mihosoft.freerouting.FreeRouting - Generating snapshot
2021-05-18 21:43:28.330 [Thread-0] INFO  eu.mihosoft.freerouting.FreeRouting - Generating snapshot
2021-05-18 21:43:28.346 [Thread-0] INFO  eu.mihosoft.freerouting.FreeRouting - Generating snapshot
2021-05-18 21:43:28.356 [Thread-0] INFO  eu.mihosoft.freerouting.FreeRouting - Generating snapshot
2021-05-18 21:43:28.372 [Thread-0] INFO  eu.mihosoft.freerouting.FreeRouting - Generating snapshot
2021-05-18 21:43:28.386 [Thread-0] INFO  eu.mihosoft.freerouting.FreeRouting - Generating snapshot
2021-05-18 21:43:28.403 [Thread-0] INFO  eu.mihosoft.freerouting.FreeRouting - Generating snapshot
2021-05-18 21:43:28.421 [Thread-0] INFO  eu.mihosoft.freerouting.FreeRouting - Generating snapshot
2021-05-18 21:43:28.429 [Thread-0] INFO  eu.mihosoft.freerouting.FreeRouting - Generating snapshot
2021-05-18 21:43:28.439 [Thread-0] INFO  eu.mihosoft.freerouting.FreeRouting - Generating snapshot
2021-05-18 21:43:28.456 [Thread-0] INFO  eu.mihosoft.freerouting.FreeRouting - Generating snapshot
2021-05-18 21:43:28.469 [Thread-0] INFO  eu.mihosoft.freerouting.FreeRouting - Generating snapshot
2021-05-18 21:43:28.495 [Thread-0] INFO  eu.mihosoft.freerouting.FreeRouting - Generating snapshot
2021-05-18 21:43:28.507 [Thread-0] INFO  eu.mihosoft.freerouting.FreeRouting - Generating snapshot
2021-05-18 21:43:28.522 [Thread-0] INFO  eu.mihosoft.freerouting.FreeRouting - Generating snapshot
2021-05-18 21:43:28.530 [Thread-0] INFO  eu.mihosoft.freerouting.FreeRouting - Generating snapshot
2021-05-18 21:43:28.537 [Thread-0] INFO  eu.mihosoft.freerouting.FreeRouting - Generating snapshot
2021-05-18 21:43:28.554 [Thread-0] INFO  eu.mihosoft.freerouting.FreeRouting - Generating snapshot
2021-05-18 21:43:28.570 [Thread-0] INFO  eu.mihosoft.freerouting.FreeRouting - Generating snapshot
2021-05-18 21:43:28.577 [Thread-0] INFO  eu.mihosoft.freerouting.FreeRouting - Generating snapshot
2021-05-18 21:43:28.591 [Thread-0] INFO  eu.mihosoft.freerouting.FreeRouting - Generating snapshot
2021-05-18 21:43:28.604 [Thread-0] INFO  eu.mihosoft.freerouting.FreeRouting - Generating snapshot
2021-05-18 21:43:28.616 [Thread-0] INFO  eu.mihosoft.freerouting.FreeRouting - Generating snapshot
2021-05-18 21:43:28.632 [Thread-0] INFO  eu.mihosoft.freerouting.FreeRouting - Generating snapshot
2021-05-18 21:43:28.643 [Thread-0] INFO  eu.mihosoft.freerouting.FreeRouting - Generating snapshot
2021-05-18 21:43:28.657 [Thread-0] INFO  eu.mihosoft.freerouting.FreeRouting - Generating snapshot
2021-05-18 21:43:28.671 [Thread-0] INFO  eu.mihosoft.freerouting.FreeRouting - Generating snapshot
2021-05-18 21:43:28.681 [Thread-0] INFO  eu.mihosoft.freerouting.FreeRouting - Generating snapshot
2021-05-18 21:43:28.690 [Thread-0] INFO  eu.mihosoft.freerouting.FreeRouting - Generating snapshot
2021-05-18 21:43:28.703 [Thread-0] INFO  eu.mihosoft.freerouting.FreeRouting - Generating snapshot
2021-05-18 21:43:28.714 [Thread-0] INFO  eu.mihosoft.freerouting.FreeRouting - Generating snapshot
2021-05-18 21:43:28.725 [Thread-0] INFO  eu.mihosoft.freerouting.FreeRouting - Generating snapshot
2021-05-18 21:43:28.734 [Thread-0] INFO  eu.mihosoft.freerouting.FreeRouting - Generating snapshot
2021-05-18 21:43:28.739 [Thread-0] INFO  eu.mihosoft.freerouting.FreeRouting - Generating snapshot
2021-05-18 21:43:28.746 [Thread-0] INFO  eu.mihosoft.freerouting.FreeRouting - Generating snapshot
2021-05-18 21:43:28.760 [Thread-0] INFO  eu.mihosoft.freerouting.FreeRouting - Generating snapshot
2021-05-18 21:43:28.775 [Thread-0] INFO  eu.mihosoft.freerouting.FreeRouting - Generating snapshot
2021-05-18 21:43:28.813 [Thread-0] INFO  eu.mihosoft.freerouting.FreeRouting - Generating snapshot
2021-05-18 21:43:28.829 [Thread-0] INFO  eu.mihosoft.freerouting.FreeRouting - Generating snapshot
2021-05-18 21:43:28.837 [Thread-0] INFO  eu.mihosoft.freerouting.FreeRouting - Generating snapshot
2021-05-18 21:43:28.844 [Thread-0] INFO  eu.mihosoft.freerouting.FreeRouting - Generating snapshot
2021-05-18 21:43:28.852 [Thread-0] INFO  eu.mihosoft.freerouting.FreeRouting - Generating snapshot
2021-05-18 21:43:28.865 [Thread-0] INFO  eu.mihosoft.freerouting.FreeRouting - Generating snapshot
2021-05-18 21:43:28.881 [Thread-0] INFO  eu.mihosoft.freerouting.FreeRouting - Generating snapshot
2021-05-18 21:43:28.892 [Thread-0] INFO  eu.mihosoft.freerouting.FreeRouting - Generating snapshot
2021-05-18 21:43:28.911 [Thread-0] INFO  eu.mihosoft.freerouting.FreeRouting - Generating snapshot
2021-05-18 21:43:28.923 [Thread-0] INFO  eu.mihosoft.freerouting.FreeRouting - Generating snapshot
2021-05-18 21:43:28.929 [Thread-0] INFO  eu.mihosoft.freerouting.FreeRouting - Generating snapshot
2021-05-18 21:43:28.941 [Thread-0] INFO  eu.mihosoft.freerouting.FreeRouting - Generating snapshot
2021-05-18 21:43:28.947 [Thread-0] INFO  eu.mihosoft.freerouting.FreeRouting - Generating snapshot
2021-05-18 21:43:28.955 [Thread-0] INFO  eu.mihosoft.freerouting.FreeRouting - Generating snapshot
2021-05-18 21:43:28.974 [Thread-0] INFO  eu.mihosoft.freerouting.FreeRouting - Generating snapshot
2021-05-18 21:43:28.986 [Thread-0] INFO  eu.mihosoft.freerouting.FreeRouting - Generating snapshot
2021-05-18 21:43:28.995 [Thread-0] INFO  eu.mihosoft.freerouting.FreeRouting - Generating snapshot
2021-05-18 21:43:29.006 [Thread-0] INFO  eu.mihosoft.freerouting.FreeRouting - Generating snapshot
2021-05-18 21:43:29.018 [Thread-0] INFO  eu.mihosoft.freerouting.FreeRouting - Generating snapshot
2021-05-18 21:43:29.024 [Thread-0] INFO  eu.mihosoft.freerouting.FreeRouting - Generating snapshot
2021-05-18 21:43:29.031 [Thread-0] INFO  eu.mihosoft.freerouting.FreeRouting - Generating snapshot
2021-05-18 21:43:29.045 [Thread-0] INFO  eu.mihosoft.freerouting.FreeRouting - Generating snapshot
2021-05-18 21:43:29.062 [Thread-0] INFO  eu.mihosoft.freerouting.FreeRouting - Generating snapshot
2021-05-18 21:43:29.094 [Thread-0] INFO  eu.mihosoft.freerouting.FreeRouting - Generating snapshot
2021-05-18 21:43:29.107 [Thread-0] INFO  eu.mihosoft.freerouting.FreeRouting - Generating snapshot
2021-05-18 21:43:29.115 [Thread-0] INFO  eu.mihosoft.freerouting.FreeRouting - Generating snapshot
2021-05-18 21:43:29.121 [Thread-0] INFO  eu.mihosoft.freerouting.FreeRouting - Generating snapshot
2021-05-18 21:43:29.126 [Thread-0] INFO  eu.mihosoft.freerouting.FreeRouting - Generating snapshot
2021-05-18 21:43:29.141 [Thread-0] INFO  eu.mihosoft.freerouting.FreeRouting - Generating snapshot
2021-05-18 21:43:29.152 [Thread-0] INFO  eu.mihosoft.freerouting.FreeRouting - Generating snapshot
2021-05-18 21:43:29.157 [Thread-0] INFO  eu.mihosoft.freerouting.FreeRouting - Generating snapshot
2021-05-18 21:43:29.165 [Thread-0] INFO  eu.mihosoft.freerouting.FreeRouting - Generating snapshot
2021-05-18 21:43:29.173 [Thread-0] INFO  eu.mihosoft.freerouting.FreeRouting - Generating snapshot
2021-05-18 21:43:29.180 [Thread-0] INFO  eu.mihosoft.freerouting.FreeRouting - Generating snapshot
2021-05-18 21:43:29.189 [Thread-0] INFO  eu.mihosoft.freerouting.FreeRouting - Generating snapshot
2021-05-18 21:43:29.194 [Thread-0] INFO  eu.mihosoft.freerouting.FreeRouting - Generating snapshot
2021-05-18 21:43:29.203 [Thread-0] INFO  eu.mihosoft.freerouting.FreeRouting - Generating snapshot
2021-05-18 21:43:29.217 [Thread-0] INFO  eu.mihosoft.freerouting.FreeRouting - Generating snapshot
2021-05-18 21:43:29.227 [Thread-0] INFO  eu.mihosoft.freerouting.FreeRouting - Generating snapshot
2021-05-18 21:43:29.238 [Thread-0] INFO  eu.mihosoft.freerouting.FreeRouting - Generating snapshot
2021-05-18 21:43:29.252 [Thread-0] INFO  eu.mihosoft.freerouting.FreeRouting - Generating snapshot
2021-05-18 21:43:29.265 [Thread-0] INFO  eu.mihosoft.freerouting.FreeRouting - Generating snapshot
2021-05-18 21:43:29.270 [Thread-0] INFO  eu.mihosoft.freerouting.FreeRouting - Generating snapshot
2021-05-18 21:43:29.280 [Thread-0] INFO  eu.mihosoft.freerouting.FreeRouting - Generating snapshot
2021-05-18 21:43:29.293 [Thread-0] INFO  eu.mihosoft.freerouting.FreeRouting - Generating snapshot
2021-05-18 21:43:29.306 [Thread-0] INFO  eu.mihosoft.freerouting.FreeRouting - Generating snapshot
2021-05-18 21:43:29.341 [Thread-0] INFO  eu.mihosoft.freerouting.FreeRouting - Generating snapshot
2021-05-18 21:43:29.355 [Thread-0] INFO  eu.mihosoft.freerouting.FreeRouting - Generating snapshot
2021-05-18 21:43:29.365 [Thread-0] TRACE eu.mihosoft.freerouting.FreeRouting - Method 'BatchAutorouterThread.thread_action()' was performed in 2.12 seconds.
2021-05-18 21:43:29.365 [Thread-0] INFO  eu.mihosoft.freerouting.FreeRouting - Saving 'Rectifier.ses'...
2021-05-18 21:44:20.606 [main] INFO  eu.mihosoft.freerouting.FreeRouting - Freerouting application is started.
2021-05-18 21:44:20.613 [main] INFO  eu.mihosoft.freerouting.FreeRouting - Opening 'Rectifier.dsn'...
2021-05-18 21:44:21.681 [main] INFO  eu.mihosoft.freerouting.FreeRouting - Opening 'Rectifier.rules'...
2021-05-18 21:44:21.683 [main] ERROR eu.mihosoft.freerouting.FreeRouting - File 'Rectifier.rules' was not found.
2021-05-18 21:44:21.691 [main] INFO  eu.mihosoft.freerouting.FreeRouting - Generating snapshot
2021-05-18 21:44:21.696 [main] TRACE eu.mihosoft.freerouting.FreeRouting - Method 'MainApplication.main()' was performed in 1.20 seconds.
2021-05-18 21:44:22.263 [Thread-0] TRACE eu.mihosoft.freerouting.FreeRouting - Method 'BatchAutorouter.autoroute_pass #1 on board '8fc9857254096965a7e2578588d88fc8' making 42 changes' was performed in 0.47 seconds.
2021-05-18 21:44:22.335 [Thread-0] TRACE eu.mihosoft.freerouting.FreeRouting - Method 'BatchAutorouter.autoroute_pass #2 on board 'a9eafa26731b905c0097b5032b054f13' making 6 changes' was performed in 0.05 seconds.
2021-05-18 21:44:22.429 [Thread-0] TRACE eu.mihosoft.freerouting.FreeRouting - Method 'BatchAutorouter.autoroute_pass #3 on board '3fe8f800a3c15d44959b8234e2241323' making 7 changes' was performed in 0.07 seconds.
2021-05-18 21:44:22.504 [Thread-0] TRACE eu.mihosoft.freerouting.FreeRouting - Method 'BatchAutorouter.autoroute_pass #4 on board 'bae2bc5fd3f09fb378a2f604257e9e3d' making 9 changes' was performed in 0.06 seconds.
2021-05-18 21:44:22.527 [Thread-0] TRACE eu.mihosoft.freerouting.FreeRouting - Method 'BatchAutorouter.autoroute_pass #5 on board 'f3153e1bc5a2cd56cf26a1816a7d9c84' making 0 changes' was performed in 0.00 seconds.
2021-05-18 21:44:22.534 [Thread-0] INFO  eu.mihosoft.freerouting.FreeRouting - Generating snapshot
2021-05-18 21:44:22.547 [Thread-0] INFO  eu.mihosoft.freerouting.FreeRouting - Generating snapshot
2021-05-18 21:44:22.558 [Thread-0] INFO  eu.mihosoft.freerouting.FreeRouting - Generating snapshot
2021-05-18 21:44:22.679 [Thread-0] INFO  eu.mihosoft.freerouting.FreeRouting - Generating snapshot
2021-05-18 21:44:22.694 [Thread-0] INFO  eu.mihosoft.freerouting.FreeRouting - Generating snapshot
2021-05-18 21:44:22.739 [Thread-0] INFO  eu.mihosoft.freerouting.FreeRouting - Generating snapshot
2021-05-18 21:44:22.752 [Thread-0] INFO  eu.mihosoft.freerouting.FreeRouting - Generating snapshot
2021-05-18 21:44:22.765 [Thread-0] INFO  eu.mihosoft.freerouting.FreeRouting - Generating snapshot
2021-05-18 21:44:22.791 [Thread-0] INFO  eu.mihosoft.freerouting.FreeRouting - Generating snapshot
2021-05-18 21:44:22.803 [Thread-0] INFO  eu.mihosoft.freerouting.FreeRouting - Generating snapshot
2021-05-18 21:44:22.817 [Thread-0] INFO  eu.mihosoft.freerouting.FreeRouting - Generating snapshot
2021-05-18 21:44:22.838 [Thread-0] INFO  eu.mihosoft.freerouting.FreeRouting - Generating snapshot
2021-05-18 21:44:22.848 [Thread-0] INFO  eu.mihosoft.freerouting.FreeRouting - Generating snapshot
2021-05-18 21:44:22.931 [Thread-0] INFO  eu.mihosoft.freerouting.FreeRouting - Generating snapshot
2021-05-18 21:44:22.960 [Thread-0] INFO  eu.mihosoft.freerouting.FreeRouting - Generating snapshot
2021-05-18 21:44:22.973 [Thread-0] INFO  eu.mihosoft.freerouting.FreeRouting - Generating snapshot
2021-05-18 21:44:23.017 [Thread-0] INFO  eu.mihosoft.freerouting.FreeRouting - Generating snapshot
2021-05-18 21:44:23.035 [Thread-0] INFO  eu.mihosoft.freerouting.FreeRouting - Generating snapshot
2021-05-18 21:44:23.058 [Thread-0] INFO  eu.mihosoft.freerouting.FreeRouting - Generating snapshot
2021-05-18 21:44:23.086 [Thread-0] INFO  eu.mihosoft.freerouting.FreeRouting - Generating snapshot
2021-05-18 21:44:23.104 [Thread-0] INFO  eu.mihosoft.freerouting.FreeRouting - Generating snapshot
2021-05-18 21:44:23.117 [Thread-0] INFO  eu.mihosoft.freerouting.FreeRouting - Generating snapshot
2021-05-18 21:44:23.125 [Thread-0] INFO  eu.mihosoft.freerouting.FreeRouting - Generating snapshot
2021-05-18 21:44:23.138 [Thread-0] INFO  eu.mihosoft.freerouting.FreeRouting - Generating snapshot
2021-05-18 21:44:23.147 [Thread-0] INFO  eu.mihosoft.freerouting.FreeRouting - Generating snapshot
2021-05-18 21:44:23.162 [Thread-0] INFO  eu.mihosoft.freerouting.FreeRouting - Generating snapshot
2021-05-18 21:44:23.172 [Thread-0] INFO  eu.mihosoft.freerouting.FreeRouting - Generating snapshot
2021-05-18 21:44:23.177 [Thread-0] INFO  eu.mihosoft.freerouting.FreeRouting - Generating snapshot
2021-05-18 21:44:23.184 [Thread-0] INFO  eu.mihosoft.freerouting.FreeRouting - Generating snapshot
2021-05-18 21:44:23.299 [Thread-0] INFO  eu.mihosoft.freerouting.FreeRouting - Generating snapshot
2021-05-18 21:44:23.411 [Thread-0] INFO  eu.mihosoft.freerouting.FreeRouting - Generating snapshot
2021-05-18 21:44:23.424 [Thread-0] INFO  eu.mihosoft.freerouting.FreeRouting - Generating snapshot
2021-05-18 21:44:23.434 [Thread-0] INFO  eu.mihosoft.freerouting.FreeRouting - Generating snapshot
2021-05-18 21:44:23.450 [Thread-0] INFO  eu.mihosoft.freerouting.FreeRouting - Generating snapshot
2021-05-18 21:44:23.468 [Thread-0] INFO  eu.mihosoft.freerouting.FreeRouting - Generating snapshot
2021-05-18 21:44:23.485 [Thread-0] INFO  eu.mihosoft.freerouting.FreeRouting - Generating snapshot
2021-05-18 21:44:23.497 [Thread-0] INFO  eu.mihosoft.freerouting.FreeRouting - Generating snapshot
2021-05-18 21:44:23.518 [Thread-0] INFO  eu.mihosoft.freerouting.FreeRouting - Generating snapshot
2021-05-18 21:44:23.529 [Thread-0] INFO  eu.mihosoft.freerouting.FreeRouting - Generating snapshot
2021-05-18 21:44:23.721 [Thread-0] INFO  eu.mihosoft.freerouting.FreeRouting - Generating snapshot
2021-05-18 21:44:23.800 [Thread-0] INFO  eu.mihosoft.freerouting.FreeRouting - Generating snapshot
2021-05-18 21:44:23.819 [Thread-0] INFO  eu.mihosoft.freerouting.FreeRouting - Generating snapshot
2021-05-18 21:44:23.841 [Thread-0] INFO  eu.mihosoft.freerouting.FreeRouting - Generating snapshot
2021-05-18 21:44:23.857 [Thread-0] INFO  eu.mihosoft.freerouting.FreeRouting - Generating snapshot
2021-05-18 21:44:23.869 [Thread-0] INFO  eu.mihosoft.freerouting.FreeRouting - Generating snapshot
2021-05-18 21:44:23.885 [Thread-0] INFO  eu.mihosoft.freerouting.FreeRouting - Generating snapshot
2021-05-18 21:44:23.900 [Thread-0] INFO  eu.mihosoft.freerouting.FreeRouting - Generating snapshot
2021-05-18 21:44:23.913 [Thread-0] INFO  eu.mihosoft.freerouting.FreeRouting - Generating snapshot
2021-05-18 21:44:23.922 [Thread-0] INFO  eu.mihosoft.freerouting.FreeRouting - Generating snapshot
2021-05-18 21:44:23.937 [Thread-0] INFO  eu.mihosoft.freerouting.FreeRouting - Generating snapshot
2021-05-18 21:44:23.947 [Thread-0] INFO  eu.mihosoft.freerouting.FreeRouting - Generating snapshot
2021-05-18 21:44:23.966 [Thread-0] INFO  eu.mihosoft.freerouting.FreeRouting - Generating snapshot
2021-05-18 21:44:23.980 [Thread-0] INFO  eu.mihosoft.freerouting.FreeRouting - Generating snapshot
2021-05-18 21:44:23.990 [Thread-0] INFO  eu.mihosoft.freerouting.FreeRouting - Generating snapshot
2021-05-18 21:44:23.995 [Thread-0] INFO  eu.mihosoft.freerouting.FreeRouting - Generating snapshot
2021-05-18 21:44:24.033 [Thread-0] INFO  eu.mihosoft.freerouting.FreeRouting - Generating snapshot
2021-05-18 21:44:24.076 [Thread-0] INFO  eu.mihosoft.freerouting.FreeRouting - Generating snapshot
2021-05-18 21:44:24.087 [Thread-0] INFO  eu.mihosoft.freerouting.FreeRouting - Generating snapshot
2021-05-18 21:44:24.094 [Thread-0] INFO  eu.mihosoft.freerouting.FreeRouting - Generating snapshot
2021-05-18 21:44:24.104 [Thread-0] INFO  eu.mihosoft.freerouting.FreeRouting - Generating snapshot
2021-05-18 21:44:24.113 [Thread-0] INFO  eu.mihosoft.freerouting.FreeRouting - Generating snapshot
2021-05-18 21:44:24.120 [Thread-0] INFO  eu.mihosoft.freerouting.FreeRouting - Generating snapshot
2021-05-18 21:44:24.131 [Thread-0] INFO  eu.mihosoft.freerouting.FreeRouting - Generating snapshot
2021-05-18 21:44:24.136 [Thread-0] INFO  eu.mihosoft.freerouting.FreeRouting - Generating snapshot
2021-05-18 21:44:24.229 [Thread-0] INFO  eu.mihosoft.freerouting.FreeRouting - Generating snapshot
2021-05-18 21:44:24.261 [Thread-0] INFO  eu.mihosoft.freerouting.FreeRouting - Generating snapshot
2021-05-18 21:44:24.277 [Thread-0] INFO  eu.mihosoft.freerouting.FreeRouting - Generating snapshot
2021-05-18 21:44:24.288 [Thread-0] INFO  eu.mihosoft.freerouting.FreeRouting - Generating snapshot
2021-05-18 21:44:24.297 [Thread-0] INFO  eu.mihosoft.freerouting.FreeRouting - Generating snapshot
2021-05-18 21:44:24.308 [Thread-0] INFO  eu.mihosoft.freerouting.FreeRouting - Generating snapshot
2021-05-18 21:44:24.319 [Thread-0] INFO  eu.mihosoft.freerouting.FreeRouting - Generating snapshot
2021-05-18 21:44:24.328 [Thread-0] INFO  eu.mihosoft.freerouting.FreeRouting - Generating snapshot
2021-05-18 21:44:24.334 [Thread-0] INFO  eu.mihosoft.freerouting.FreeRouting - Generating snapshot
2021-05-18 21:44:24.342 [Thread-0] INFO  eu.mihosoft.freerouting.FreeRouting - Generating snapshot
2021-05-18 21:44:24.350 [Thread-0] INFO  eu.mihosoft.freerouting.FreeRouting - Generating snapshot
2021-05-18 21:44:24.361 [Thread-0] INFO  eu.mihosoft.freerouting.FreeRouting - Generating snapshot
2021-05-18 21:44:24.369 [Thread-0] INFO  eu.mihosoft.freerouting.FreeRouting - Generating snapshot
2021-05-18 21:44:24.374 [Thread-0] INFO  eu.mihosoft.freerouting.FreeRouting - Generating snapshot
2021-05-18 21:44:24.380 [Thread-0] INFO  eu.mihosoft.freerouting.FreeRouting - Generating snapshot
2021-05-18 21:44:24.667 [Thread-0] INFO  eu.mihosoft.freerouting.FreeRouting - Generating snapshot
2021-05-18 21:44:24.921 [Thread-0] INFO  eu.mihosoft.freerouting.FreeRouting - Generating snapshot
2021-05-18 21:44:24.930 [Thread-0] INFO  eu.mihosoft.freerouting.FreeRouting - Generating snapshot
2021-05-18 21:44:24.937 [Thread-0] INFO  eu.mihosoft.freerouting.FreeRouting - Generating snapshot
2021-05-18 21:44:24.950 [Thread-0] INFO  eu.mihosoft.freerouting.FreeRouting - Generating snapshot
2021-05-18 21:44:24.962 [Thread-0] INFO  eu.mihosoft.freerouting.FreeRouting - Generating snapshot
2021-05-18 21:44:24.971 [Thread-0] INFO  eu.mihosoft.freerouting.FreeRouting - Generating snapshot
2021-05-18 21:44:24.984 [Thread-0] INFO  eu.mihosoft.freerouting.FreeRouting - Generating snapshot
2021-05-18 21:44:24.991 [Thread-0] INFO  eu.mihosoft.freerouting.FreeRouting - Generating snapshot
2021-05-18 21:44:25.205 [Thread-0] INFO  eu.mihosoft.freerouting.FreeRouting - Generating snapshot
2021-05-18 21:44:25.440 [Thread-0] INFO  eu.mihosoft.freerouting.FreeRouting - Generating snapshot
2021-05-18 21:44:25.452 [Thread-0] INFO  eu.mihosoft.freerouting.FreeRouting - Generating snapshot
2021-05-18 21:44:25.461 [Thread-0] INFO  eu.mihosoft.freerouting.FreeRouting - Generating snapshot
2021-05-18 21:44:25.469 [Thread-0] INFO  eu.mihosoft.freerouting.FreeRouting - Generating snapshot
2021-05-18 21:44:25.478 [Thread-0] INFO  eu.mihosoft.freerouting.FreeRouting - Generating snapshot
2021-05-18 21:44:25.486 [Thread-0] INFO  eu.mihosoft.freerouting.FreeRouting - Generating snapshot
2021-05-18 21:44:25.493 [Thread-0] INFO  eu.mihosoft.freerouting.FreeRouting - Generating snapshot
2021-05-18 21:44:25.498 [Thread-0] INFO  eu.mihosoft.freerouting.FreeRouting - Generating snapshot
2021-05-18 21:44:25.505 [Thread-0] INFO  eu.mihosoft.freerouting.FreeRouting - Generating snapshot
2021-05-18 21:44:25.511 [Thread-0] INFO  eu.mihosoft.freerouting.FreeRouting - Generating snapshot
2021-05-18 21:44:25.521 [Thread-0] INFO  eu.mihosoft.freerouting.FreeRouting - Generating snapshot
2021-05-18 21:44:25.528 [Thread-0] INFO  eu.mihosoft.freerouting.FreeRouting - Generating snapshot
2021-05-18 21:44:25.533 [Thread-0] INFO  eu.mihosoft.freerouting.FreeRouting - Generating snapshot
2021-05-18 21:44:25.537 [Thread-0] INFO  eu.mihosoft.freerouting.FreeRouting - Generating snapshot
2021-05-18 21:44:25.565 [Thread-0] INFO  eu.mihosoft.freerouting.FreeRouting - Generating snapshot
2021-05-18 21:44:25.591 [Thread-0] INFO  eu.mihosoft.freerouting.FreeRouting - Generating snapshot
2021-05-18 21:44:25.597 [Thread-0] INFO  eu.mihosoft.freerouting.FreeRouting - Generating snapshot
2021-05-18 21:44:25.602 [Thread-0] INFO  eu.mihosoft.freerouting.FreeRouting - Generating snapshot
2021-05-18 21:44:25.609 [Thread-0] INFO  eu.mihosoft.freerouting.FreeRouting - Generating snapshot
2021-05-18 21:44:25.617 [Thread-0] INFO  eu.mihosoft.freerouting.FreeRouting - Generating snapshot
2021-05-18 21:44:25.623 [Thread-0] INFO  eu.mihosoft.freerouting.FreeRouting - Generating snapshot
2021-05-18 21:44:25.632 [Thread-0] INFO  eu.mihosoft.freerouting.FreeRouting - Generating snapshot
2021-05-18 21:44:25.637 [Thread-0] INFO  eu.mihosoft.freerouting.FreeRouting - Generating snapshot
2021-05-18 21:44:25.721 [Thread-0] INFO  eu.mihosoft.freerouting.FreeRouting - Generating snapshot
2021-05-18 21:44:25.746 [Thread-0] INFO  eu.mihosoft.freerouting.FreeRouting - Generating snapshot
2021-05-18 21:44:25.757 [Thread-0] INFO  eu.mihosoft.freerouting.FreeRouting - Generating snapshot
2021-05-18 21:44:25.765 [Thread-0] INFO  eu.mihosoft.freerouting.FreeRouting - Generating snapshot
2021-05-18 21:44:25.773 [Thread-0] INFO  eu.mihosoft.freerouting.FreeRouting - Generating snapshot
2021-05-18 21:44:25.782 [Thread-0] INFO  eu.mihosoft.freerouting.FreeRouting - Generating snapshot
2021-05-18 21:44:25.790 [Thread-0] INFO  eu.mihosoft.freerouting.FreeRouting - Generating snapshot
2021-05-18 21:44:25.798 [Thread-0] INFO  eu.mihosoft.freerouting.FreeRouting - Generating snapshot
2021-05-18 21:44:25.804 [Thread-0] INFO  eu.mihosoft.freerouting.FreeRouting - Generating snapshot
2021-05-18 21:44:25.813 [Thread-0] INFO  eu.mihosoft.freerouting.FreeRouting - Generating snapshot
2021-05-18 21:44:25.820 [Thread-0] INFO  eu.mihosoft.freerouting.FreeRouting - Generating snapshot
2021-05-18 21:44:25.830 [Thread-0] INFO  eu.mihosoft.freerouting.FreeRouting - Generating snapshot
2021-05-18 21:44:25.842 [Thread-0] TRACE eu.mihosoft.freerouting.FreeRouting - Method 'BatchAutorouterThread.thread_action()' was performed in 4.15 seconds.
2021-05-18 21:44:25.843 [Thread-0] INFO  eu.mihosoft.freerouting.FreeRouting - Saving 'Rectifier.ses'...
2021-05-18 21:44:58.652 [main] INFO  eu.mihosoft.freerouting.FreeRouting - Freerouting application is started.
2021-05-18 21:44:58.658 [main] INFO  eu.mihosoft.freerouting.FreeRouting - Opening 'Rectifier.dsn'...
2021-05-18 21:44:59.684 [main] INFO  eu.mihosoft.freerouting.FreeRouting - Opening 'Rectifier.rules'...
2021-05-18 21:44:59.686 [main] ERROR eu.mihosoft.freerouting.FreeRouting - File 'Rectifier.rules' was not found.
2021-05-18 21:44:59.698 [main] INFO  eu.mihosoft.freerouting.FreeRouting - Generating snapshot
2021-05-18 21:44:59.707 [main] TRACE eu.mihosoft.freerouting.FreeRouting - Method 'MainApplication.main()' was performed in 1.17 seconds.
2021-05-18 21:45:00.538 [Thread-0] TRACE eu.mihosoft.freerouting.FreeRouting - Method 'BatchAutorouter.autoroute_pass #1 on board 'c317c43c8469d0ee47c084af1f483bea' making 39 changes' was performed in 0.71 seconds.
2021-05-18 21:45:00.655 [Thread-0] TRACE eu.mihosoft.freerouting.FreeRouting - Method 'BatchAutorouter.autoroute_pass #2 on board 'f4aac224b6a2f1ab5d5c3f84770d61f3' making 11 changes' was performed in 0.10 seconds.
2021-05-18 21:45:00.776 [Thread-0] TRACE eu.mihosoft.freerouting.FreeRouting - Method 'BatchAutorouter.autoroute_pass #3 on board 'fade1a859b8957e5a9510779f592ad94' making 14 changes' was performed in 0.10 seconds.
2021-05-18 21:45:00.840 [Thread-0] TRACE eu.mihosoft.freerouting.FreeRouting - Method 'BatchAutorouter.autoroute_pass #4 on board '830dabd72aca6f5fb43f2a77b1d50add' making 9 changes' was performed in 0.05 seconds.
2021-05-18 21:45:00.859 [Thread-0] TRACE eu.mihosoft.freerouting.FreeRouting - Method 'BatchAutorouter.autoroute_pass #5 on board '82fee3c70c48248ac6fb6f3c482eacda' making 0 changes' was performed in 0.00 seconds.
2021-05-18 21:45:00.865 [Thread-0] INFO  eu.mihosoft.freerouting.FreeRouting - Generating snapshot
2021-05-18 21:45:00.878 [Thread-0] INFO  eu.mihosoft.freerouting.FreeRouting - Generating snapshot
2021-05-18 21:45:00.888 [Thread-0] INFO  eu.mihosoft.freerouting.FreeRouting - Generating snapshot
2021-05-18 21:45:01.025 [Thread-0] INFO  eu.mihosoft.freerouting.FreeRouting - Generating snapshot
2021-05-18 21:45:01.082 [Thread-0] INFO  eu.mihosoft.freerouting.FreeRouting - Generating snapshot
2021-05-18 21:45:01.097 [Thread-0] INFO  eu.mihosoft.freerouting.FreeRouting - Generating snapshot
2021-05-18 21:45:01.107 [Thread-0] INFO  eu.mihosoft.freerouting.FreeRouting - Generating snapshot
2021-05-18 21:45:01.122 [Thread-0] INFO  eu.mihosoft.freerouting.FreeRouting - Generating snapshot
2021-05-18 21:45:01.129 [Thread-0] INFO  eu.mihosoft.freerouting.FreeRouting - Generating snapshot
2021-05-18 21:45:01.139 [Thread-0] INFO  eu.mihosoft.freerouting.FreeRouting - Generating snapshot
2021-05-18 21:45:01.151 [Thread-0] INFO  eu.mihosoft.freerouting.FreeRouting - Generating snapshot
2021-05-18 21:45:01.157 [Thread-0] INFO  eu.mihosoft.freerouting.FreeRouting - Generating snapshot
2021-05-18 21:45:01.227 [Thread-0] INFO  eu.mihosoft.freerouting.FreeRouting - Generating snapshot
2021-05-18 21:45:01.267 [Thread-0] INFO  eu.mihosoft.freerouting.FreeRouting - Generating snapshot
2021-05-18 21:45:01.295 [Thread-0] INFO  eu.mihosoft.freerouting.FreeRouting - Generating snapshot
2021-05-18 21:45:01.308 [Thread-0] INFO  eu.mihosoft.freerouting.FreeRouting - Generating snapshot
2021-05-18 21:45:01.323 [Thread-0] INFO  eu.mihosoft.freerouting.FreeRouting - Generating snapshot
2021-05-18 21:45:01.342 [Thread-0] INFO  eu.mihosoft.freerouting.FreeRouting - Generating snapshot
2021-05-18 21:45:01.364 [Thread-0] INFO  eu.mihosoft.freerouting.FreeRouting - Generating snapshot
2021-05-18 21:45:01.380 [Thread-0] INFO  eu.mihosoft.freerouting.FreeRouting - Generating snapshot
2021-05-18 21:45:01.395 [Thread-0] INFO  eu.mihosoft.freerouting.FreeRouting - Generating snapshot
2021-05-18 21:45:01.430 [Thread-0] INFO  eu.mihosoft.freerouting.FreeRouting - Generating snapshot
2021-05-18 21:45:01.468 [Thread-0] INFO  eu.mihosoft.freerouting.FreeRouting - Generating snapshot
2021-05-18 21:45:01.480 [Thread-0] INFO  eu.mihosoft.freerouting.FreeRouting - Generating snapshot
2021-05-18 21:45:01.489 [Thread-0] INFO  eu.mihosoft.freerouting.FreeRouting - Generating snapshot
2021-05-18 21:45:01.500 [Thread-0] INFO  eu.mihosoft.freerouting.FreeRouting - Generating snapshot
2021-05-18 21:45:01.509 [Thread-0] INFO  eu.mihosoft.freerouting.FreeRouting - Generating snapshot
2021-05-18 21:45:01.515 [Thread-0] INFO  eu.mihosoft.freerouting.FreeRouting - Generating snapshot
2021-05-18 21:45:01.521 [Thread-0] INFO  eu.mihosoft.freerouting.FreeRouting - Generating snapshot
2021-05-18 21:45:01.842 [Thread-0] INFO  eu.mihosoft.freerouting.FreeRouting - Generating snapshot
2021-05-18 21:45:02.094 [Thread-0] INFO  eu.mihosoft.freerouting.FreeRouting - Generating snapshot
2021-05-18 21:45:02.104 [Thread-0] INFO  eu.mihosoft.freerouting.FreeRouting - Generating snapshot
2021-05-18 21:45:02.113 [Thread-0] INFO  eu.mihosoft.freerouting.FreeRouting - Generating snapshot
2021-05-18 21:45:02.125 [Thread-0] INFO  eu.mihosoft.freerouting.FreeRouting - Generating snapshot
2021-05-18 21:45:02.132 [Thread-0] INFO  eu.mihosoft.freerouting.FreeRouting - Generating snapshot
2021-05-18 21:45:02.140 [Thread-0] INFO  eu.mihosoft.freerouting.FreeRouting - Generating snapshot
2021-05-18 21:45:02.150 [Thread-0] INFO  eu.mihosoft.freerouting.FreeRouting - Generating snapshot
2021-05-18 21:45:02.156 [Thread-0] INFO  eu.mihosoft.freerouting.FreeRouting - Generating snapshot
2021-05-18 21:45:02.298 [Thread-0] INFO  eu.mihosoft.freerouting.FreeRouting - Generating snapshot
2021-05-18 21:45:02.315 [Thread-0] INFO  eu.mihosoft.freerouting.FreeRouting - Generating snapshot
2021-05-18 21:45:02.343 [Thread-0] INFO  eu.mihosoft.freerouting.FreeRouting - Generating snapshot
2021-05-18 21:45:02.373 [Thread-0] INFO  eu.mihosoft.freerouting.FreeRouting - Generating snapshot
2021-05-18 21:45:02.388 [Thread-0] INFO  eu.mihosoft.freerouting.FreeRouting - Generating snapshot
2021-05-18 21:45:02.402 [Thread-0] INFO  eu.mihosoft.freerouting.FreeRouting - Generating snapshot
2021-05-18 21:45:02.419 [Thread-0] INFO  eu.mihosoft.freerouting.FreeRouting - Generating snapshot
2021-05-18 21:45:02.464 [Thread-0] INFO  eu.mihosoft.freerouting.FreeRouting - Generating snapshot
2021-05-18 21:45:02.473 [Thread-0] INFO  eu.mihosoft.freerouting.FreeRouting - Generating snapshot
2021-05-18 21:45:02.663 [Thread-0] INFO  eu.mihosoft.freerouting.FreeRouting - Generating snapshot
2021-05-18 21:45:02.860 [Thread-0] INFO  eu.mihosoft.freerouting.FreeRouting - Generating snapshot
2021-05-18 21:45:03.014 [Thread-0] INFO  eu.mihosoft.freerouting.FreeRouting - Generating snapshot
2021-05-18 21:45:03.026 [Thread-0] INFO  eu.mihosoft.freerouting.FreeRouting - Generating snapshot
2021-05-18 21:45:03.035 [Thread-0] INFO  eu.mihosoft.freerouting.FreeRouting - Generating snapshot
2021-05-18 21:45:03.052 [Thread-0] INFO  eu.mihosoft.freerouting.FreeRouting - Generating snapshot
2021-05-18 21:45:03.063 [Thread-0] INFO  eu.mihosoft.freerouting.FreeRouting - Generating snapshot
2021-05-18 21:45:03.069 [Thread-0] INFO  eu.mihosoft.freerouting.FreeRouting - Generating snapshot
2021-05-18 21:45:03.074 [Thread-0] INFO  eu.mihosoft.freerouting.FreeRouting - Generating snapshot
2021-05-18 21:45:03.084 [Thread-0] INFO  eu.mihosoft.freerouting.FreeRouting - Generating snapshot
2021-05-18 21:45:03.464 [Thread-0] INFO  eu.mihosoft.freerouting.FreeRouting - Generating snapshot
2021-05-18 21:45:03.477 [Thread-0] INFO  eu.mihosoft.freerouting.FreeRouting - Generating snapshot
2021-05-18 21:45:03.502 [Thread-0] INFO  eu.mihosoft.freerouting.FreeRouting - Generating snapshot
2021-05-18 21:45:03.509 [Thread-0] INFO  eu.mihosoft.freerouting.FreeRouting - Generating snapshot
2021-05-18 21:45:03.518 [Thread-0] INFO  eu.mihosoft.freerouting.FreeRouting - Generating snapshot
2021-05-18 21:45:03.524 [Thread-0] INFO  eu.mihosoft.freerouting.FreeRouting - Generating snapshot
2021-05-18 21:45:03.533 [Thread-0] INFO  eu.mihosoft.freerouting.FreeRouting - Generating snapshot
2021-05-18 21:45:03.541 [Thread-0] INFO  eu.mihosoft.freerouting.FreeRouting - Generating snapshot
2021-05-18 21:45:03.551 [Thread-0] INFO  eu.mihosoft.freerouting.FreeRouting - Generating snapshot
2021-05-18 21:45:03.556 [Thread-0] INFO  eu.mihosoft.freerouting.FreeRouting - Generating snapshot
2021-05-18 21:45:03.652 [Thread-0] INFO  eu.mihosoft.freerouting.FreeRouting - Generating snapshot
2021-05-18 21:45:03.666 [Thread-0] INFO  eu.mihosoft.freerouting.FreeRouting - Generating snapshot
2021-05-18 21:45:03.675 [Thread-0] INFO  eu.mihosoft.freerouting.FreeRouting - Generating snapshot
2021-05-18 21:45:03.685 [Thread-0] INFO  eu.mihosoft.freerouting.FreeRouting - Generating snapshot
2021-05-18 21:45:03.697 [Thread-0] INFO  eu.mihosoft.freerouting.FreeRouting - Generating snapshot
2021-05-18 21:45:03.707 [Thread-0] INFO  eu.mihosoft.freerouting.FreeRouting - Generating snapshot
2021-05-18 21:45:03.726 [Thread-0] INFO  eu.mihosoft.freerouting.FreeRouting - Generating snapshot
2021-05-18 21:45:03.731 [Thread-0] INFO  eu.mihosoft.freerouting.FreeRouting - Generating snapshot
2021-05-18 21:45:03.751 [Thread-0] INFO  eu.mihosoft.freerouting.FreeRouting - Generating snapshot
2021-05-18 21:45:03.761 [Thread-0] INFO  eu.mihosoft.freerouting.FreeRouting - Generating snapshot
2021-05-18 21:45:03.769 [Thread-0] INFO  eu.mihosoft.freerouting.FreeRouting - Generating snapshot
2021-05-18 21:45:03.781 [Thread-0] INFO  eu.mihosoft.freerouting.FreeRouting - Generating snapshot
2021-05-18 21:45:03.790 [Thread-0] INFO  eu.mihosoft.freerouting.FreeRouting - Generating snapshot
2021-05-18 21:45:03.806 [Thread-0] INFO  eu.mihosoft.freerouting.FreeRouting - Generating snapshot
2021-05-18 21:45:03.813 [Thread-0] INFO  eu.mihosoft.freerouting.FreeRouting - Generating snapshot
2021-05-18 21:45:03.819 [Thread-0] INFO  eu.mihosoft.freerouting.FreeRouting - Generating snapshot
2021-05-18 21:45:03.853 [Thread-0] INFO  eu.mihosoft.freerouting.FreeRouting - Generating snapshot
2021-05-18 21:45:03.980 [Thread-0] INFO  eu.mihosoft.freerouting.FreeRouting - Generating snapshot
2021-05-18 21:45:03.986 [Thread-0] INFO  eu.mihosoft.freerouting.FreeRouting - Generating snapshot
2021-05-18 21:45:03.994 [Thread-0] INFO  eu.mihosoft.freerouting.FreeRouting - Generating snapshot
2021-05-18 21:45:04.000 [Thread-0] INFO  eu.mihosoft.freerouting.FreeRouting - Generating snapshot
2021-05-18 21:45:04.008 [Thread-0] INFO  eu.mihosoft.freerouting.FreeRouting - Generating snapshot
2021-05-18 21:45:04.014 [Thread-0] INFO  eu.mihosoft.freerouting.FreeRouting - Generating snapshot
2021-05-18 21:45:04.028 [Thread-0] INFO  eu.mihosoft.freerouting.FreeRouting - Generating snapshot
2021-05-18 21:45:04.034 [Thread-0] INFO  eu.mihosoft.freerouting.FreeRouting - Generating snapshot
2021-05-18 21:45:04.053 [Thread-0] INFO  eu.mihosoft.freerouting.FreeRouting - Generating snapshot
2021-05-18 21:45:04.064 [Thread-0] INFO  eu.mihosoft.freerouting.FreeRouting - Generating snapshot
2021-05-18 21:45:04.076 [Thread-0] INFO  eu.mihosoft.freerouting.FreeRouting - Generating snapshot
2021-05-18 21:45:04.089 [Thread-0] INFO  eu.mihosoft.freerouting.FreeRouting - Generating snapshot
2021-05-18 21:45:04.103 [Thread-0] INFO  eu.mihosoft.freerouting.FreeRouting - Generating snapshot
2021-05-18 21:45:04.120 [Thread-0] INFO  eu.mihosoft.freerouting.FreeRouting - Generating snapshot
2021-05-18 21:45:04.126 [Thread-0] INFO  eu.mihosoft.freerouting.FreeRouting - Generating snapshot
2021-05-18 21:45:04.319 [Thread-0] INFO  eu.mihosoft.freerouting.FreeRouting - Generating snapshot
2021-05-18 21:45:04.332 [Thread-0] INFO  eu.mihosoft.freerouting.FreeRouting - Generating snapshot
2021-05-18 21:45:04.341 [Thread-0] INFO  eu.mihosoft.freerouting.FreeRouting - Generating snapshot
2021-05-18 21:45:04.356 [Thread-0] INFO  eu.mihosoft.freerouting.FreeRouting - Generating snapshot
2021-05-18 21:45:04.367 [Thread-0] INFO  eu.mihosoft.freerouting.FreeRouting - Generating snapshot
2021-05-18 21:45:04.384 [Thread-0] INFO  eu.mihosoft.freerouting.FreeRouting - Generating snapshot
2021-05-18 21:45:04.392 [Thread-0] INFO  eu.mihosoft.freerouting.FreeRouting - Generating snapshot
2021-05-18 21:45:04.398 [Thread-0] INFO  eu.mihosoft.freerouting.FreeRouting - Generating snapshot
2021-05-18 21:45:04.759 [Thread-0] INFO  eu.mihosoft.freerouting.FreeRouting - Generating snapshot
2021-05-18 21:45:04.825 [Thread-0] INFO  eu.mihosoft.freerouting.FreeRouting - Generating snapshot
2021-05-18 21:45:04.832 [Thread-0] INFO  eu.mihosoft.freerouting.FreeRouting - Generating snapshot
2021-05-18 21:45:04.842 [Thread-0] INFO  eu.mihosoft.freerouting.FreeRouting - Generating snapshot
2021-05-18 21:45:04.849 [Thread-0] INFO  eu.mihosoft.freerouting.FreeRouting - Generating snapshot
2021-05-18 21:45:04.858 [Thread-0] INFO  eu.mihosoft.freerouting.FreeRouting - Generating snapshot
2021-05-18 21:45:04.864 [Thread-0] INFO  eu.mihosoft.freerouting.FreeRouting - Generating snapshot
2021-05-18 21:45:04.875 [Thread-0] INFO  eu.mihosoft.freerouting.FreeRouting - Generating snapshot
2021-05-18 21:45:04.881 [Thread-0] INFO  eu.mihosoft.freerouting.FreeRouting - Generating snapshot
2021-05-18 21:45:04.899 [Thread-0] INFO  eu.mihosoft.freerouting.FreeRouting - Generating snapshot
2021-05-18 21:45:04.910 [Thread-0] INFO  eu.mihosoft.freerouting.FreeRouting - Generating snapshot
2021-05-18 21:45:04.922 [Thread-0] INFO  eu.mihosoft.freerouting.FreeRouting - Generating snapshot
2021-05-18 21:45:04.940 [Thread-0] INFO  eu.mihosoft.freerouting.FreeRouting - Generating snapshot
2021-05-18 21:45:04.954 [Thread-0] INFO  eu.mihosoft.freerouting.FreeRouting - Generating snapshot
2021-05-18 21:45:04.990 [Thread-0] INFO  eu.mihosoft.freerouting.FreeRouting - Generating snapshot
2021-05-18 21:45:04.997 [Thread-0] INFO  eu.mihosoft.freerouting.FreeRouting - Generating snapshot
2021-05-18 21:45:05.071 [Thread-0] INFO  eu.mihosoft.freerouting.FreeRouting - Generating snapshot
2021-05-18 21:45:05.086 [Thread-0] INFO  eu.mihosoft.freerouting.FreeRouting - Generating snapshot
2021-05-18 21:45:05.097 [Thread-0] INFO  eu.mihosoft.freerouting.FreeRouting - Generating snapshot
2021-05-18 21:45:05.115 [Thread-0] INFO  eu.mihosoft.freerouting.FreeRouting - Generating snapshot
2021-05-18 21:45:05.126 [Thread-0] INFO  eu.mihosoft.freerouting.FreeRouting - Generating snapshot
2021-05-18 21:45:05.149 [Thread-0] TRACE eu.mihosoft.freerouting.FreeRouting - Method 'BatchAutorouterThread.thread_action()' was performed in 5.44 seconds.
2021-05-18 21:45:05.149 [Thread-0] INFO  eu.mihosoft.freerouting.FreeRouting - Saving 'Rectifier.ses'...
2021-05-18 22:18:03.700 [main] INFO  eu.mihosoft.freerouting.FreeRouting - Freerouting application is started.
2021-05-18 22:18:03.705 [main] INFO  eu.mihosoft.freerouting.FreeRouting - Opening 'Rectifier.dsn'...
2021-05-18 22:18:04.473 [main] INFO  eu.mihosoft.freerouting.FreeRouting - Opening 'Rectifier.rules'...
2021-05-18 22:18:04.474 [main] ERROR eu.mihosoft.freerouting.FreeRouting - File 'Rectifier.rules' was not found.
2021-05-18 22:18:04.482 [main] INFO  eu.mihosoft.freerouting.FreeRouting - Generating snapshot
2021-05-18 22:18:04.487 [main] TRACE eu.mihosoft.freerouting.FreeRouting - Method 'MainApplication.main()' was performed in 0.87 seconds.
2021-05-18 22:18:04.800 [Thread-0] TRACE eu.mihosoft.freerouting.FreeRouting - Method 'BatchAutorouter.autoroute_pass #1 on board 'ca936ef615ff56e255039996db5cad02' making 39 changes' was performed in 0.23 seconds.
2021-05-18 22:18:04.819 [Thread-0] TRACE eu.mihosoft.freerouting.FreeRouting - Method 'BatchAutorouter.autoroute_pass #2 on board '71496568196a6b0de01aa91582900819' making 0 changes' was performed in 0.00 seconds.
2021-05-18 22:18:04.822 [Thread-0] INFO  eu.mihosoft.freerouting.FreeRouting - Generating snapshot
2021-05-18 22:18:04.829 [Thread-0] INFO  eu.mihosoft.freerouting.FreeRouting - Generating snapshot
2021-05-18 22:18:04.838 [Thread-0] INFO  eu.mihosoft.freerouting.FreeRouting - Generating snapshot
2021-05-18 22:18:04.843 [Thread-0] INFO  eu.mihosoft.freerouting.FreeRouting - Generating snapshot
2021-05-18 22:18:04.849 [Thread-0] INFO  eu.mihosoft.freerouting.FreeRouting - Generating snapshot
2021-05-18 22:18:04.855 [Thread-0] INFO  eu.mihosoft.freerouting.FreeRouting - Generating snapshot
2021-05-18 22:18:04.861 [Thread-0] INFO  eu.mihosoft.freerouting.FreeRouting - Generating snapshot
2021-05-18 22:18:04.867 [Thread-0] INFO  eu.mihosoft.freerouting.FreeRouting - Generating snapshot
2021-05-18 22:18:04.874 [Thread-0] INFO  eu.mihosoft.freerouting.FreeRouting - Generating snapshot
2021-05-18 22:18:04.881 [Thread-0] INFO  eu.mihosoft.freerouting.FreeRouting - Generating snapshot
2021-05-18 22:18:04.887 [Thread-0] INFO  eu.mihosoft.freerouting.FreeRouting - Generating snapshot
2021-05-18 22:18:04.893 [Thread-0] INFO  eu.mihosoft.freerouting.FreeRouting - Generating snapshot
2021-05-18 22:18:04.935 [Thread-0] INFO  eu.mihosoft.freerouting.FreeRouting - Generating snapshot
2021-05-18 22:18:04.952 [Thread-0] INFO  eu.mihosoft.freerouting.FreeRouting - Generating snapshot
2021-05-18 22:18:04.963 [Thread-0] INFO  eu.mihosoft.freerouting.FreeRouting - Generating snapshot
2021-05-18 22:18:04.973 [Thread-0] INFO  eu.mihosoft.freerouting.FreeRouting - Generating snapshot
2021-05-18 22:18:04.979 [Thread-0] INFO  eu.mihosoft.freerouting.FreeRouting - Generating snapshot
2021-05-18 22:18:04.985 [Thread-0] INFO  eu.mihosoft.freerouting.FreeRouting - Generating snapshot
2021-05-18 22:18:04.992 [Thread-0] INFO  eu.mihosoft.freerouting.FreeRouting - Generating snapshot
2021-05-18 22:18:05.005 [Thread-0] INFO  eu.mihosoft.freerouting.FreeRouting - Generating snapshot
2021-05-18 22:18:05.033 [Thread-0] INFO  eu.mihosoft.freerouting.FreeRouting - Generating snapshot
2021-05-18 22:18:05.052 [Thread-0] INFO  eu.mihosoft.freerouting.FreeRouting - Generating snapshot
2021-05-18 22:18:05.063 [Thread-0] INFO  eu.mihosoft.freerouting.FreeRouting - Generating snapshot
2021-05-18 22:18:05.074 [Thread-0] INFO  eu.mihosoft.freerouting.FreeRouting - Generating snapshot
2021-05-18 22:18:05.096 [Thread-0] INFO  eu.mihosoft.freerouting.FreeRouting - Generating snapshot
2021-05-18 22:18:05.108 [Thread-0] INFO  eu.mihosoft.freerouting.FreeRouting - Generating snapshot
2021-05-18 22:18:05.116 [Thread-0] INFO  eu.mihosoft.freerouting.FreeRouting - Generating snapshot
2021-05-18 22:18:05.126 [Thread-0] INFO  eu.mihosoft.freerouting.FreeRouting - Generating snapshot
2021-05-18 22:18:05.132 [Thread-0] INFO  eu.mihosoft.freerouting.FreeRouting - Generating snapshot
2021-05-18 22:18:05.137 [Thread-0] INFO  eu.mihosoft.freerouting.FreeRouting - Generating snapshot
2021-05-18 22:18:05.143 [Thread-0] INFO  eu.mihosoft.freerouting.FreeRouting - Generating snapshot
2021-05-18 22:18:05.150 [Thread-0] INFO  eu.mihosoft.freerouting.FreeRouting - Generating snapshot
2021-05-18 22:18:05.158 [Thread-0] INFO  eu.mihosoft.freerouting.FreeRouting - Generating snapshot
2021-05-18 22:18:05.164 [Thread-0] INFO  eu.mihosoft.freerouting.FreeRouting - Generating snapshot
2021-05-18 22:18:05.170 [Thread-0] INFO  eu.mihosoft.freerouting.FreeRouting - Generating snapshot
2021-05-18 22:18:05.175 [Thread-0] INFO  eu.mihosoft.freerouting.FreeRouting - Generating snapshot
2021-05-18 22:18:05.179 [Thread-0] INFO  eu.mihosoft.freerouting.FreeRouting - Generating snapshot
2021-05-18 22:18:05.183 [Thread-0] INFO  eu.mihosoft.freerouting.FreeRouting - Generating snapshot
2021-05-18 22:18:05.188 [Thread-0] INFO  eu.mihosoft.freerouting.FreeRouting - Generating snapshot
2021-05-18 22:18:05.205 [Thread-0] INFO  eu.mihosoft.freerouting.FreeRouting - Generating snapshot
2021-05-18 22:18:05.214 [Thread-0] INFO  eu.mihosoft.freerouting.FreeRouting - Generating snapshot
2021-05-18 22:18:05.224 [Thread-0] INFO  eu.mihosoft.freerouting.FreeRouting - Generating snapshot
2021-05-18 22:18:05.231 [Thread-0] INFO  eu.mihosoft.freerouting.FreeRouting - Generating snapshot
2021-05-18 22:18:05.236 [Thread-0] INFO  eu.mihosoft.freerouting.FreeRouting - Generating snapshot
2021-05-18 22:18:05.240 [Thread-0] INFO  eu.mihosoft.freerouting.FreeRouting - Generating snapshot
2021-05-18 22:18:05.244 [Thread-0] INFO  eu.mihosoft.freerouting.FreeRouting - Generating snapshot
2021-05-18 22:18:05.254 [Thread-0] INFO  eu.mihosoft.freerouting.FreeRouting - Generating snapshot
2021-05-18 22:18:05.268 [Thread-0] INFO  eu.mihosoft.freerouting.FreeRouting - Generating snapshot
2021-05-18 22:18:05.276 [Thread-0] INFO  eu.mihosoft.freerouting.FreeRouting - Generating snapshot
2021-05-18 22:18:05.285 [Thread-0] INFO  eu.mihosoft.freerouting.FreeRouting - Generating snapshot
2021-05-18 22:18:05.295 [Thread-0] INFO  eu.mihosoft.freerouting.FreeRouting - Generating snapshot
2021-05-18 22:18:05.310 [Thread-0] INFO  eu.mihosoft.freerouting.FreeRouting - Generating snapshot
2021-05-18 22:18:05.315 [Thread-0] INFO  eu.mihosoft.freerouting.FreeRouting - Generating snapshot
2021-05-18 22:18:05.319 [Thread-0] INFO  eu.mihosoft.freerouting.FreeRouting - Generating snapshot
2021-05-18 22:18:05.324 [Thread-0] INFO  eu.mihosoft.freerouting.FreeRouting - Generating snapshot
2021-05-18 22:18:05.330 [Thread-0] INFO  eu.mihosoft.freerouting.FreeRouting - Generating snapshot
2021-05-18 22:18:05.335 [Thread-0] INFO  eu.mihosoft.freerouting.FreeRouting - Generating snapshot
2021-05-18 22:18:05.339 [Thread-0] INFO  eu.mihosoft.freerouting.FreeRouting - Generating snapshot
2021-05-18 22:18:05.343 [Thread-0] INFO  eu.mihosoft.freerouting.FreeRouting - Generating snapshot
2021-05-18 22:18:05.346 [Thread-0] INFO  eu.mihosoft.freerouting.FreeRouting - Generating snapshot
2021-05-18 22:18:05.349 [Thread-0] INFO  eu.mihosoft.freerouting.FreeRouting - Generating snapshot
2021-05-18 22:18:05.353 [Thread-0] INFO  eu.mihosoft.freerouting.FreeRouting - Generating snapshot
2021-05-18 22:18:05.356 [Thread-0] INFO  eu.mihosoft.freerouting.FreeRouting - Generating snapshot
2021-05-18 22:18:05.374 [Thread-0] INFO  eu.mihosoft.freerouting.FreeRouting - Generating snapshot
2021-05-18 22:18:05.379 [Thread-0] INFO  eu.mihosoft.freerouting.FreeRouting - Generating snapshot
2021-05-18 22:18:05.385 [Thread-0] INFO  eu.mihosoft.freerouting.FreeRouting - Generating snapshot
2021-05-18 22:18:05.389 [Thread-0] INFO  eu.mihosoft.freerouting.FreeRouting - Generating snapshot
2021-05-18 22:18:05.392 [Thread-0] INFO  eu.mihosoft.freerouting.FreeRouting - Generating snapshot
2021-05-18 22:18:05.395 [Thread-0] INFO  eu.mihosoft.freerouting.FreeRouting - Generating snapshot
2021-05-18 22:18:05.401 [Thread-0] INFO  eu.mihosoft.freerouting.FreeRouting - Generating snapshot
2021-05-18 22:18:05.416 [Thread-0] INFO  eu.mihosoft.freerouting.FreeRouting - Generating snapshot
2021-05-18 22:18:05.422 [Thread-0] INFO  eu.mihosoft.freerouting.FreeRouting - Generating snapshot
2021-05-18 22:18:05.426 [Thread-0] INFO  eu.mihosoft.freerouting.FreeRouting - Generating snapshot
2021-05-18 22:18:05.437 [Thread-0] INFO  eu.mihosoft.freerouting.FreeRouting - Generating snapshot
2021-05-18 22:18:05.443 [Thread-0] INFO  eu.mihosoft.freerouting.FreeRouting - Generating snapshot
2021-05-18 22:18:05.447 [Thread-0] INFO  eu.mihosoft.freerouting.FreeRouting - Generating snapshot
2021-05-18 22:18:05.452 [Thread-0] INFO  eu.mihosoft.freerouting.FreeRouting - Generating snapshot
2021-05-18 22:18:05.455 [Thread-0] INFO  eu.mihosoft.freerouting.FreeRouting - Generating snapshot
2021-05-18 22:18:05.461 [Thread-0] INFO  eu.mihosoft.freerouting.FreeRouting - Generating snapshot
2021-05-18 22:18:05.467 [Thread-0] INFO  eu.mihosoft.freerouting.FreeRouting - Generating snapshot
2021-05-18 22:18:05.470 [Thread-0] INFO  eu.mihosoft.freerouting.FreeRouting - Generating snapshot
2021-05-18 22:18:05.473 [Thread-0] INFO  eu.mihosoft.freerouting.FreeRouting - Generating snapshot
2021-05-18 22:18:05.476 [Thread-0] INFO  eu.mihosoft.freerouting.FreeRouting - Generating snapshot
2021-05-18 22:18:05.480 [Thread-0] INFO  eu.mihosoft.freerouting.FreeRouting - Generating snapshot
2021-05-18 22:18:05.484 [Thread-0] INFO  eu.mihosoft.freerouting.FreeRouting - Generating snapshot
2021-05-18 22:18:05.487 [Thread-0] INFO  eu.mihosoft.freerouting.FreeRouting - Generating snapshot
2021-05-18 22:18:05.496 [Thread-0] INFO  eu.mihosoft.freerouting.FreeRouting - Generating snapshot
2021-05-18 22:18:05.505 [Thread-0] INFO  eu.mihosoft.freerouting.FreeRouting - Generating snapshot
2021-05-18 22:18:05.511 [Thread-0] INFO  eu.mihosoft.freerouting.FreeRouting - Generating snapshot
2021-05-18 22:18:05.515 [Thread-0] INFO  eu.mihosoft.freerouting.FreeRouting - Generating snapshot
2021-05-18 22:18:05.519 [Thread-0] INFO  eu.mihosoft.freerouting.FreeRouting - Generating snapshot
2021-05-18 22:18:05.522 [Thread-0] INFO  eu.mihosoft.freerouting.FreeRouting - Generating snapshot
2021-05-18 22:18:05.530 [Thread-0] INFO  eu.mihosoft.freerouting.FreeRouting - Generating snapshot
2021-05-18 22:18:05.540 [Thread-0] INFO  eu.mihosoft.freerouting.FreeRouting - Generating snapshot
2021-05-18 22:18:05.546 [Thread-0] INFO  eu.mihosoft.freerouting.FreeRouting - Generating snapshot
2021-05-18 22:18:05.552 [Thread-0] INFO  eu.mihosoft.freerouting.FreeRouting - Generating snapshot
2021-05-18 22:18:05.564 [Thread-0] INFO  eu.mihosoft.freerouting.FreeRouting - Generating snapshot
2021-05-18 22:18:05.591 [Thread-0] TRACE eu.mihosoft.freerouting.FreeRouting - Method 'BatchAutorouterThread.thread_action()' was performed in 1.10 seconds.
2021-05-18 22:18:05.592 [Thread-0] INFO  eu.mihosoft.freerouting.FreeRouting - Saving 'Rectifier.ses'...
2021-05-18 22:37:30.302 [main] INFO  eu.mihosoft.freerouting.FreeRouting - Freerouting application is started.
2021-05-18 22:37:30.307 [main] INFO  eu.mihosoft.freerouting.FreeRouting - Opening 'Rectifier.dsn'...
2021-05-18 22:37:31.139 [main] INFO  eu.mihosoft.freerouting.FreeRouting - Opening 'Rectifier.rules'...
2021-05-18 22:37:31.141 [main] ERROR eu.mihosoft.freerouting.FreeRouting - File 'Rectifier.rules' was not found.
2021-05-18 22:37:31.147 [main] INFO  eu.mihosoft.freerouting.FreeRouting - Generating snapshot
2021-05-18 22:37:31.152 [main] TRACE eu.mihosoft.freerouting.FreeRouting - Method 'MainApplication.main()' was performed in 0.93 seconds.
2021-05-18 22:37:31.477 [Thread-0] TRACE eu.mihosoft.freerouting.FreeRouting - Method 'BatchAutorouter.autoroute_pass #1 on board '554d58a8c4bf77b45fdb84ac2aca1c3d' making 43 changes' was performed in 0.22 seconds.
2021-05-18 22:37:31.500 [Thread-0] TRACE eu.mihosoft.freerouting.FreeRouting - Method 'BatchAutorouter.autoroute_pass #2 on board '7fcf9e3077afd95ab88e4f80b7d9ccd4' making 0 changes' was performed in 0.00 seconds.
2021-05-18 22:37:31.504 [Thread-0] INFO  eu.mihosoft.freerouting.FreeRouting - Generating snapshot
2021-05-18 22:37:31.513 [Thread-0] INFO  eu.mihosoft.freerouting.FreeRouting - Generating snapshot
2021-05-18 22:37:31.522 [Thread-0] INFO  eu.mihosoft.freerouting.FreeRouting - Generating snapshot
2021-05-18 22:37:31.530 [Thread-0] INFO  eu.mihosoft.freerouting.FreeRouting - Generating snapshot
2021-05-18 22:37:31.545 [Thread-0] INFO  eu.mihosoft.freerouting.FreeRouting - Generating snapshot
2021-05-18 22:37:31.552 [Thread-0] INFO  eu.mihosoft.freerouting.FreeRouting - Generating snapshot
2021-05-18 22:37:31.561 [Thread-0] INFO  eu.mihosoft.freerouting.FreeRouting - Generating snapshot
2021-05-18 22:37:31.569 [Thread-0] INFO  eu.mihosoft.freerouting.FreeRouting - Generating snapshot
2021-05-18 22:37:31.576 [Thread-0] INFO  eu.mihosoft.freerouting.FreeRouting - Generating snapshot
2021-05-18 22:37:31.584 [Thread-0] INFO  eu.mihosoft.freerouting.FreeRouting - Generating snapshot
2021-05-18 22:37:31.591 [Thread-0] INFO  eu.mihosoft.freerouting.FreeRouting - Generating snapshot
2021-05-18 22:37:31.599 [Thread-0] INFO  eu.mihosoft.freerouting.FreeRouting - Generating snapshot
2021-05-18 22:37:31.606 [Thread-0] INFO  eu.mihosoft.freerouting.FreeRouting - Generating snapshot
2021-05-18 22:37:31.614 [Thread-0] INFO  eu.mihosoft.freerouting.FreeRouting - Generating snapshot
2021-05-18 22:37:31.629 [Thread-0] INFO  eu.mihosoft.freerouting.FreeRouting - Generating snapshot
2021-05-18 22:37:31.641 [Thread-0] INFO  eu.mihosoft.freerouting.FreeRouting - Generating snapshot
2021-05-18 22:37:31.653 [Thread-0] INFO  eu.mihosoft.freerouting.FreeRouting - Generating snapshot
2021-05-18 22:37:31.660 [Thread-0] INFO  eu.mihosoft.freerouting.FreeRouting - Generating snapshot
2021-05-18 22:37:31.668 [Thread-0] INFO  eu.mihosoft.freerouting.FreeRouting - Generating snapshot
2021-05-18 22:37:31.675 [Thread-0] INFO  eu.mihosoft.freerouting.FreeRouting - Generating snapshot
2021-05-18 22:37:31.689 [Thread-0] INFO  eu.mihosoft.freerouting.FreeRouting - Generating snapshot
2021-05-18 22:37:31.713 [Thread-0] INFO  eu.mihosoft.freerouting.FreeRouting - Generating snapshot
2021-05-18 22:37:31.724 [Thread-0] INFO  eu.mihosoft.freerouting.FreeRouting - Generating snapshot
2021-05-18 22:37:31.734 [Thread-0] INFO  eu.mihosoft.freerouting.FreeRouting - Generating snapshot
2021-05-18 22:37:31.743 [Thread-0] INFO  eu.mihosoft.freerouting.FreeRouting - Generating snapshot
2021-05-18 22:37:31.755 [Thread-0] INFO  eu.mihosoft.freerouting.FreeRouting - Generating snapshot
2021-05-18 22:37:31.769 [Thread-0] INFO  eu.mihosoft.freerouting.FreeRouting - Generating snapshot
2021-05-18 22:37:31.782 [Thread-0] INFO  eu.mihosoft.freerouting.FreeRouting - Generating snapshot
2021-05-18 22:37:31.795 [Thread-0] INFO  eu.mihosoft.freerouting.FreeRouting - Generating snapshot
2021-05-18 22:37:31.803 [Thread-0] INFO  eu.mihosoft.freerouting.FreeRouting - Generating snapshot
2021-05-18 22:37:31.814 [Thread-0] INFO  eu.mihosoft.freerouting.FreeRouting - Generating snapshot
2021-05-18 22:37:31.826 [Thread-0] INFO  eu.mihosoft.freerouting.FreeRouting - Generating snapshot
2021-05-18 22:37:31.839 [Thread-0] INFO  eu.mihosoft.freerouting.FreeRouting - Generating snapshot
2021-05-18 22:37:31.847 [Thread-0] INFO  eu.mihosoft.freerouting.FreeRouting - Generating snapshot
2021-05-18 22:37:31.856 [Thread-0] INFO  eu.mihosoft.freerouting.FreeRouting - Generating snapshot
2021-05-18 22:37:31.867 [Thread-0] INFO  eu.mihosoft.freerouting.FreeRouting - Generating snapshot
2021-05-18 22:37:31.881 [Thread-0] INFO  eu.mihosoft.freerouting.FreeRouting - Generating snapshot
2021-05-18 22:37:31.888 [Thread-0] INFO  eu.mihosoft.freerouting.FreeRouting - Generating snapshot
2021-05-18 22:37:31.895 [Thread-0] INFO  eu.mihosoft.freerouting.FreeRouting - Generating snapshot
2021-05-18 22:37:31.903 [Thread-0] INFO  eu.mihosoft.freerouting.FreeRouting - Generating snapshot
2021-05-18 22:37:31.909 [Thread-0] INFO  eu.mihosoft.freerouting.FreeRouting - Generating snapshot
2021-05-18 22:37:31.915 [Thread-0] INFO  eu.mihosoft.freerouting.FreeRouting - Generating snapshot
2021-05-18 22:37:31.923 [Thread-0] INFO  eu.mihosoft.freerouting.FreeRouting - Generating snapshot
2021-05-18 22:37:31.941 [Thread-0] INFO  eu.mihosoft.freerouting.FreeRouting - Generating snapshot
2021-05-18 22:37:31.955 [Thread-0] INFO  eu.mihosoft.freerouting.FreeRouting - Generating snapshot
2021-05-18 22:37:31.968 [Thread-0] INFO  eu.mihosoft.freerouting.FreeRouting - Generating snapshot
2021-05-18 22:37:31.974 [Thread-0] INFO  eu.mihosoft.freerouting.FreeRouting - Generating snapshot
2021-05-18 22:37:31.982 [Thread-0] INFO  eu.mihosoft.freerouting.FreeRouting - Generating snapshot
2021-05-18 22:37:31.990 [Thread-0] INFO  eu.mihosoft.freerouting.FreeRouting - Generating snapshot
2021-05-18 22:37:32.001 [Thread-0] INFO  eu.mihosoft.freerouting.FreeRouting - Generating snapshot
2021-05-18 22:37:32.024 [Thread-0] INFO  eu.mihosoft.freerouting.FreeRouting - Generating snapshot
2021-05-18 22:37:32.034 [Thread-0] INFO  eu.mihosoft.freerouting.FreeRouting - Generating snapshot
2021-05-18 22:37:32.046 [Thread-0] INFO  eu.mihosoft.freerouting.FreeRouting - Generating snapshot
2021-05-18 22:37:32.056 [Thread-0] INFO  eu.mihosoft.freerouting.FreeRouting - Generating snapshot
2021-05-18 22:37:32.065 [Thread-0] INFO  eu.mihosoft.freerouting.FreeRouting - Generating snapshot
2021-05-18 22:37:32.077 [Thread-0] INFO  eu.mihosoft.freerouting.FreeRouting - Generating snapshot
2021-05-18 22:37:32.088 [Thread-0] INFO  eu.mihosoft.freerouting.FreeRouting - Generating snapshot
2021-05-18 22:37:32.099 [Thread-0] INFO  eu.mihosoft.freerouting.FreeRouting - Generating snapshot
2021-05-18 22:37:32.104 [Thread-0] INFO  eu.mihosoft.freerouting.FreeRouting - Generating snapshot
2021-05-18 22:37:32.109 [Thread-0] INFO  eu.mihosoft.freerouting.FreeRouting - Generating snapshot
2021-05-18 22:37:32.115 [Thread-0] INFO  eu.mihosoft.freerouting.FreeRouting - Generating snapshot
2021-05-18 22:37:32.124 [Thread-0] INFO  eu.mihosoft.freerouting.FreeRouting - Generating snapshot
2021-05-18 22:37:32.128 [Thread-0] INFO  eu.mihosoft.freerouting.FreeRouting - Generating snapshot
2021-05-18 22:37:32.135 [Thread-0] INFO  eu.mihosoft.freerouting.FreeRouting - Generating snapshot
2021-05-18 22:37:32.140 [Thread-0] INFO  eu.mihosoft.freerouting.FreeRouting - Generating snapshot
2021-05-18 22:37:32.152 [Thread-0] INFO  eu.mihosoft.freerouting.FreeRouting - Generating snapshot
2021-05-18 22:37:32.157 [Thread-0] INFO  eu.mihosoft.freerouting.FreeRouting - Generating snapshot
2021-05-18 22:37:32.162 [Thread-0] INFO  eu.mihosoft.freerouting.FreeRouting - Generating snapshot
2021-05-18 22:37:32.167 [Thread-0] INFO  eu.mihosoft.freerouting.FreeRouting - Generating snapshot
2021-05-18 22:37:32.172 [Thread-0] INFO  eu.mihosoft.freerouting.FreeRouting - Generating snapshot
2021-05-18 22:37:32.177 [Thread-0] INFO  eu.mihosoft.freerouting.FreeRouting - Generating snapshot
2021-05-18 22:37:32.182 [Thread-0] INFO  eu.mihosoft.freerouting.FreeRouting - Generating snapshot
2021-05-18 22:37:32.188 [Thread-0] INFO  eu.mihosoft.freerouting.FreeRouting - Generating snapshot
2021-05-18 22:37:32.196 [Thread-0] INFO  eu.mihosoft.freerouting.FreeRouting - Generating snapshot
2021-05-18 22:37:32.203 [Thread-0] INFO  eu.mihosoft.freerouting.FreeRouting - Generating snapshot
2021-05-18 22:37:32.208 [Thread-0] INFO  eu.mihosoft.freerouting.FreeRouting - Generating snapshot
2021-05-18 22:37:32.213 [Thread-0] INFO  eu.mihosoft.freerouting.FreeRouting - Generating snapshot
2021-05-18 22:37:32.219 [Thread-0] INFO  eu.mihosoft.freerouting.FreeRouting - Generating snapshot
2021-05-18 22:37:32.230 [Thread-0] INFO  eu.mihosoft.freerouting.FreeRouting - Generating snapshot
2021-05-18 22:37:32.239 [Thread-0] INFO  eu.mihosoft.freerouting.FreeRouting - Generating snapshot
2021-05-18 22:37:32.248 [Thread-0] INFO  eu.mihosoft.freerouting.FreeRouting - Generating snapshot
2021-05-18 22:37:32.256 [Thread-0] INFO  eu.mihosoft.freerouting.FreeRouting - Generating snapshot
2021-05-18 22:37:32.262 [Thread-0] INFO  eu.mihosoft.freerouting.FreeRouting - Generating snapshot
2021-05-18 22:37:32.268 [Thread-0] INFO  eu.mihosoft.freerouting.FreeRouting - Generating snapshot
2021-05-18 22:37:32.275 [Thread-0] INFO  eu.mihosoft.freerouting.FreeRouting - Generating snapshot
2021-05-18 22:37:32.285 [Thread-0] INFO  eu.mihosoft.freerouting.FreeRouting - Generating snapshot
2021-05-18 22:37:32.293 [Thread-0] INFO  eu.mihosoft.freerouting.FreeRouting - Generating snapshot
2021-05-18 22:37:32.300 [Thread-0] INFO  eu.mihosoft.freerouting.FreeRouting - Generating snapshot
2021-05-18 22:37:32.307 [Thread-0] INFO  eu.mihosoft.freerouting.FreeRouting - Generating snapshot
2021-05-18 22:37:32.316 [Thread-0] INFO  eu.mihosoft.freerouting.FreeRouting - Generating snapshot
2021-05-18 22:37:32.320 [Thread-0] INFO  eu.mihosoft.freerouting.FreeRouting - Generating snapshot
2021-05-18 22:37:32.327 [Thread-0] INFO  eu.mihosoft.freerouting.FreeRouting - Generating snapshot
2021-05-18 22:37:32.334 [Thread-0] INFO  eu.mihosoft.freerouting.FreeRouting - Generating snapshot
2021-05-18 22:37:32.342 [Thread-0] INFO  eu.mihosoft.freerouting.FreeRouting - Generating snapshot
2021-05-18 22:37:32.346 [Thread-0] INFO  eu.mihosoft.freerouting.FreeRouting - Generating snapshot
2021-05-18 22:37:32.351 [Thread-0] INFO  eu.mihosoft.freerouting.FreeRouting - Generating snapshot
2021-05-18 22:37:32.355 [Thread-0] INFO  eu.mihosoft.freerouting.FreeRouting - Generating snapshot
2021-05-18 22:37:32.360 [Thread-0] INFO  eu.mihosoft.freerouting.FreeRouting - Generating snapshot
2021-05-18 22:37:32.364 [Thread-0] INFO  eu.mihosoft.freerouting.FreeRouting - Generating snapshot
2021-05-18 22:37:32.369 [Thread-0] INFO  eu.mihosoft.freerouting.FreeRouting - Generating snapshot
2021-05-18 22:37:32.376 [Thread-0] INFO  eu.mihosoft.freerouting.FreeRouting - Generating snapshot
2021-05-18 22:37:32.384 [Thread-0] INFO  eu.mihosoft.freerouting.FreeRouting - Generating snapshot
2021-05-18 22:37:32.394 [Thread-0] INFO  eu.mihosoft.freerouting.FreeRouting - Generating snapshot
2021-05-18 22:37:32.399 [Thread-0] INFO  eu.mihosoft.freerouting.FreeRouting - Generating snapshot
2021-05-18 22:37:32.403 [Thread-0] INFO  eu.mihosoft.freerouting.FreeRouting - Generating snapshot
2021-05-18 22:37:32.408 [Thread-0] INFO  eu.mihosoft.freerouting.FreeRouting - Generating snapshot
2021-05-18 22:37:32.418 [Thread-0] INFO  eu.mihosoft.freerouting.FreeRouting - Generating snapshot
2021-05-18 22:37:32.426 [Thread-0] INFO  eu.mihosoft.freerouting.FreeRouting - Generating snapshot
2021-05-18 22:37:32.435 [Thread-0] INFO  eu.mihosoft.freerouting.FreeRouting - Generating snapshot
2021-05-18 22:37:32.442 [Thread-0] INFO  eu.mihosoft.freerouting.FreeRouting - Generating snapshot
2021-05-18 22:37:32.448 [Thread-0] INFO  eu.mihosoft.freerouting.FreeRouting - Generating snapshot
2021-05-18 22:37:32.456 [Thread-0] INFO  eu.mihosoft.freerouting.FreeRouting - Generating snapshot
2021-05-18 22:37:32.464 [Thread-0] INFO  eu.mihosoft.freerouting.FreeRouting - Generating snapshot
2021-05-18 22:37:32.473 [Thread-0] INFO  eu.mihosoft.freerouting.FreeRouting - Generating snapshot
2021-05-18 22:37:32.477 [Thread-0] INFO  eu.mihosoft.freerouting.FreeRouting - Generating snapshot
2021-05-18 22:37:32.483 [Thread-0] INFO  eu.mihosoft.freerouting.FreeRouting - Generating snapshot
2021-05-18 22:37:32.488 [Thread-0] INFO  eu.mihosoft.freerouting.FreeRouting - Generating snapshot
2021-05-18 22:37:32.496 [Thread-0] INFO  eu.mihosoft.freerouting.FreeRouting - Generating snapshot
2021-05-18 22:37:32.500 [Thread-0] INFO  eu.mihosoft.freerouting.FreeRouting - Generating snapshot
2021-05-18 22:37:32.506 [Thread-0] INFO  eu.mihosoft.freerouting.FreeRouting - Generating snapshot
2021-05-18 22:37:32.511 [Thread-0] INFO  eu.mihosoft.freerouting.FreeRouting - Generating snapshot
2021-05-18 22:37:32.515 [Thread-0] INFO  eu.mihosoft.freerouting.FreeRouting - Generating snapshot
2021-05-18 22:37:32.520 [Thread-0] INFO  eu.mihosoft.freerouting.FreeRouting - Generating snapshot
2021-05-18 22:37:32.524 [Thread-0] INFO  eu.mihosoft.freerouting.FreeRouting - Generating snapshot
2021-05-18 22:37:32.528 [Thread-0] INFO  eu.mihosoft.freerouting.FreeRouting - Generating snapshot
2021-05-18 22:37:32.532 [Thread-0] INFO  eu.mihosoft.freerouting.FreeRouting - Generating snapshot
2021-05-18 22:37:32.536 [Thread-0] INFO  eu.mihosoft.freerouting.FreeRouting - Generating snapshot
2021-05-18 22:37:32.542 [Thread-0] INFO  eu.mihosoft.freerouting.FreeRouting - Generating snapshot
2021-05-18 22:37:32.549 [Thread-0] INFO  eu.mihosoft.freerouting.FreeRouting - Generating snapshot
2021-05-18 22:37:32.555 [Thread-0] INFO  eu.mihosoft.freerouting.FreeRouting - Generating snapshot
2021-05-18 22:37:32.559 [Thread-0] INFO  eu.mihosoft.freerouting.FreeRouting - Generating snapshot
2021-05-18 22:37:32.563 [Thread-0] INFO  eu.mihosoft.freerouting.FreeRouting - Generating snapshot
2021-05-18 22:37:32.569 [Thread-0] INFO  eu.mihosoft.freerouting.FreeRouting - Generating snapshot
2021-05-18 22:37:32.576 [Thread-0] INFO  eu.mihosoft.freerouting.FreeRouting - Generating snapshot
2021-05-18 22:37:32.585 [Thread-0] INFO  eu.mihosoft.freerouting.FreeRouting - Generating snapshot
2021-05-18 22:37:32.594 [Thread-0] INFO  eu.mihosoft.freerouting.FreeRouting - Generating snapshot
2021-05-18 22:37:32.601 [Thread-0] INFO  eu.mihosoft.freerouting.FreeRouting - Generating snapshot
2021-05-18 22:37:32.607 [Thread-0] INFO  eu.mihosoft.freerouting.FreeRouting - Generating snapshot
2021-05-18 22:37:32.613 [Thread-0] INFO  eu.mihosoft.freerouting.FreeRouting - Generating snapshot
2021-05-18 22:37:32.620 [Thread-0] INFO  eu.mihosoft.freerouting.FreeRouting - Generating snapshot
2021-05-18 22:37:32.628 [Thread-0] INFO  eu.mihosoft.freerouting.FreeRouting - Generating snapshot
2021-05-18 22:37:32.636 [Thread-0] INFO  eu.mihosoft.freerouting.FreeRouting - Generating snapshot
2021-05-18 22:37:32.641 [Thread-0] INFO  eu.mihosoft.freerouting.FreeRouting - Generating snapshot
2021-05-18 22:37:32.647 [Thread-0] INFO  eu.mihosoft.freerouting.FreeRouting - Generating snapshot
2021-05-18 22:37:32.655 [Thread-0] INFO  eu.mihosoft.freerouting.FreeRouting - Generating snapshot
2021-05-18 22:37:32.660 [Thread-0] INFO  eu.mihosoft.freerouting.FreeRouting - Generating snapshot
2021-05-18 22:37:32.667 [Thread-0] INFO  eu.mihosoft.freerouting.FreeRouting - Generating snapshot
2021-05-18 22:37:32.674 [Thread-0] INFO  eu.mihosoft.freerouting.FreeRouting - Generating snapshot
2021-05-18 22:37:32.679 [Thread-0] INFO  eu.mihosoft.freerouting.FreeRouting - Generating snapshot
2021-05-18 22:37:32.683 [Thread-0] INFO  eu.mihosoft.freerouting.FreeRouting - Generating snapshot
2021-05-18 22:37:32.687 [Thread-0] INFO  eu.mihosoft.freerouting.FreeRouting - Generating snapshot
2021-05-18 22:37:32.692 [Thread-0] INFO  eu.mihosoft.freerouting.FreeRouting - Generating snapshot
2021-05-18 22:37:32.696 [Thread-0] INFO  eu.mihosoft.freerouting.FreeRouting - Generating snapshot
2021-05-18 22:37:32.701 [Thread-0] INFO  eu.mihosoft.freerouting.FreeRouting - Generating snapshot
2021-05-18 22:37:32.708 [Thread-0] INFO  eu.mihosoft.freerouting.FreeRouting - Generating snapshot
2021-05-18 22:37:32.716 [Thread-0] INFO  eu.mihosoft.freerouting.FreeRouting - Generating snapshot
2021-05-18 22:37:32.725 [Thread-0] INFO  eu.mihosoft.freerouting.FreeRouting - Generating snapshot
2021-05-18 22:37:32.730 [Thread-0] INFO  eu.mihosoft.freerouting.FreeRouting - Generating snapshot
2021-05-18 22:37:32.736 [Thread-0] INFO  eu.mihosoft.freerouting.FreeRouting - Generating snapshot
2021-05-18 22:37:32.740 [Thread-0] INFO  eu.mihosoft.freerouting.FreeRouting - Generating snapshot
2021-05-18 22:37:32.750 [Thread-0] INFO  eu.mihosoft.freerouting.FreeRouting - Generating snapshot
2021-05-18 22:37:32.757 [Thread-0] INFO  eu.mihosoft.freerouting.FreeRouting - Generating snapshot
2021-05-18 22:37:32.766 [Thread-0] INFO  eu.mihosoft.freerouting.FreeRouting - Generating snapshot
2021-05-18 22:37:32.774 [Thread-0] INFO  eu.mihosoft.freerouting.FreeRouting - Generating snapshot
2021-05-18 22:37:32.781 [Thread-0] INFO  eu.mihosoft.freerouting.FreeRouting - Generating snapshot
2021-05-18 22:37:32.788 [Thread-0] INFO  eu.mihosoft.freerouting.FreeRouting - Generating snapshot
2021-05-18 22:37:32.796 [Thread-0] INFO  eu.mihosoft.freerouting.FreeRouting - Generating snapshot
2021-05-18 22:37:32.808 [Thread-0] TRACE eu.mihosoft.freerouting.FreeRouting - Method 'BatchAutorouterThread.thread_action()' was performed in 1.66 seconds.
2021-05-18 22:37:32.808 [Thread-0] INFO  eu.mihosoft.freerouting.FreeRouting - Saving 'Rectifier.ses'...
2021-05-19 15:45:59.312 [main] INFO  eu.mihosoft.freerouting.FreeRouting - Freerouting application is started.
2021-05-19 15:45:59.317 [main] INFO  eu.mihosoft.freerouting.FreeRouting - Opening 'Rectifier.dsn'...
2021-05-19 15:46:00.142 [main] INFO  eu.mihosoft.freerouting.FreeRouting - Opening 'Rectifier.rules'...
2021-05-19 15:46:00.143 [main] ERROR eu.mihosoft.freerouting.FreeRouting - File 'Rectifier.rules' was not found.
2021-05-19 15:46:00.151 [main] INFO  eu.mihosoft.freerouting.FreeRouting - Generating snapshot
2021-05-19 15:46:00.155 [main] TRACE eu.mihosoft.freerouting.FreeRouting - Method 'MainApplication.main()' was performed in 0.92 seconds.
2021-05-19 15:46:00.459 [Thread-0] TRACE eu.mihosoft.freerouting.FreeRouting - Method 'BatchAutorouter.autoroute_pass #1 on board '8ecb89d5926c218d302f6af175857f9e' making 42 changes' was performed in 0.22 seconds.
2021-05-19 15:46:00.482 [Thread-0] TRACE eu.mihosoft.freerouting.FreeRouting - Method 'BatchAutorouter.autoroute_pass #2 on board '885c6a0ae65fd1505c8b291267a7e222' making 0 changes' was performed in 0.00 seconds.
2021-05-19 15:46:00.487 [Thread-0] INFO  eu.mihosoft.freerouting.FreeRouting - Generating snapshot
2021-05-19 15:46:00.500 [Thread-0] INFO  eu.mihosoft.freerouting.FreeRouting - Generating snapshot
2021-05-19 15:46:00.511 [Thread-0] INFO  eu.mihosoft.freerouting.FreeRouting - Generating snapshot
2021-05-19 15:46:00.521 [Thread-0] INFO  eu.mihosoft.freerouting.FreeRouting - Generating snapshot
2021-05-19 15:46:00.539 [Thread-0] INFO  eu.mihosoft.freerouting.FreeRouting - Generating snapshot
2021-05-19 15:46:00.548 [Thread-0] INFO  eu.mihosoft.freerouting.FreeRouting - Generating snapshot
2021-05-19 15:46:00.560 [Thread-0] INFO  eu.mihosoft.freerouting.FreeRouting - Generating snapshot
2021-05-19 15:46:00.569 [Thread-0] INFO  eu.mihosoft.freerouting.FreeRouting - Generating snapshot
2021-05-19 15:46:00.579 [Thread-0] INFO  eu.mihosoft.freerouting.FreeRouting - Generating snapshot
2021-05-19 15:46:00.587 [Thread-0] INFO  eu.mihosoft.freerouting.FreeRouting - Generating snapshot
2021-05-19 15:46:00.596 [Thread-0] INFO  eu.mihosoft.freerouting.FreeRouting - Generating snapshot
2021-05-19 15:46:00.603 [Thread-0] INFO  eu.mihosoft.freerouting.FreeRouting - Generating snapshot
2021-05-19 15:46:00.611 [Thread-0] INFO  eu.mihosoft.freerouting.FreeRouting - Generating snapshot
2021-05-19 15:46:00.620 [Thread-0] INFO  eu.mihosoft.freerouting.FreeRouting - Generating snapshot
2021-05-19 15:46:00.644 [Thread-0] INFO  eu.mihosoft.freerouting.FreeRouting - Generating snapshot
2021-05-19 15:46:00.660 [Thread-0] INFO  eu.mihosoft.freerouting.FreeRouting - Generating snapshot
2021-05-19 15:46:00.669 [Thread-0] INFO  eu.mihosoft.freerouting.FreeRouting - Generating snapshot
2021-05-19 15:46:00.680 [Thread-0] INFO  eu.mihosoft.freerouting.FreeRouting - Generating snapshot
2021-05-19 15:46:00.696 [Thread-0] INFO  eu.mihosoft.freerouting.FreeRouting - Generating snapshot
2021-05-19 15:46:00.706 [Thread-0] INFO  eu.mihosoft.freerouting.FreeRouting - Generating snapshot
2021-05-19 15:46:00.724 [Thread-0] INFO  eu.mihosoft.freerouting.FreeRouting - Generating snapshot
2021-05-19 15:46:00.742 [Thread-0] INFO  eu.mihosoft.freerouting.FreeRouting - Generating snapshot
2021-05-19 15:46:00.755 [Thread-0] INFO  eu.mihosoft.freerouting.FreeRouting - Generating snapshot
2021-05-19 15:46:00.783 [Thread-0] INFO  eu.mihosoft.freerouting.FreeRouting - Generating snapshot
2021-05-19 15:46:00.794 [Thread-0] INFO  eu.mihosoft.freerouting.FreeRouting - Generating snapshot
2021-05-19 15:46:00.806 [Thread-0] INFO  eu.mihosoft.freerouting.FreeRouting - Generating snapshot
2021-05-19 15:46:00.818 [Thread-0] INFO  eu.mihosoft.freerouting.FreeRouting - Generating snapshot
2021-05-19 15:46:00.829 [Thread-0] INFO  eu.mihosoft.freerouting.FreeRouting - Generating snapshot
2021-05-19 15:46:00.842 [Thread-0] INFO  eu.mihosoft.freerouting.FreeRouting - Generating snapshot
2021-05-19 15:46:00.850 [Thread-0] INFO  eu.mihosoft.freerouting.FreeRouting - Generating snapshot
2021-05-19 15:46:00.859 [Thread-0] INFO  eu.mihosoft.freerouting.FreeRouting - Generating snapshot
2021-05-19 15:46:00.869 [Thread-0] INFO  eu.mihosoft.freerouting.FreeRouting - Generating snapshot
2021-05-19 15:46:00.881 [Thread-0] INFO  eu.mihosoft.freerouting.FreeRouting - Generating snapshot
2021-05-19 15:46:00.887 [Thread-0] INFO  eu.mihosoft.freerouting.FreeRouting - Generating snapshot
2021-05-19 15:46:00.894 [Thread-0] INFO  eu.mihosoft.freerouting.FreeRouting - Generating snapshot
2021-05-19 15:46:00.904 [Thread-0] INFO  eu.mihosoft.freerouting.FreeRouting - Generating snapshot
2021-05-19 15:46:00.915 [Thread-0] INFO  eu.mihosoft.freerouting.FreeRouting - Generating snapshot
2021-05-19 15:46:00.921 [Thread-0] INFO  eu.mihosoft.freerouting.FreeRouting - Generating snapshot
2021-05-19 15:46:00.926 [Thread-0] INFO  eu.mihosoft.freerouting.FreeRouting - Generating snapshot
2021-05-19 15:46:00.931 [Thread-0] INFO  eu.mihosoft.freerouting.FreeRouting - Generating snapshot
2021-05-19 15:46:00.936 [Thread-0] INFO  eu.mihosoft.freerouting.FreeRouting - Generating snapshot
2021-05-19 15:46:00.941 [Thread-0] INFO  eu.mihosoft.freerouting.FreeRouting - Generating snapshot
2021-05-19 15:46:00.947 [Thread-0] INFO  eu.mihosoft.freerouting.FreeRouting - Generating snapshot
2021-05-19 15:46:00.961 [Thread-0] INFO  eu.mihosoft.freerouting.FreeRouting - Generating snapshot
2021-05-19 15:46:00.971 [Thread-0] INFO  eu.mihosoft.freerouting.FreeRouting - Generating snapshot
2021-05-19 15:46:00.976 [Thread-0] INFO  eu.mihosoft.freerouting.FreeRouting - Generating snapshot
2021-05-19 15:46:00.982 [Thread-0] INFO  eu.mihosoft.freerouting.FreeRouting - Generating snapshot
2021-05-19 15:46:00.992 [Thread-0] INFO  eu.mihosoft.freerouting.FreeRouting - Generating snapshot
2021-05-19 15:46:00.999 [Thread-0] INFO  eu.mihosoft.freerouting.FreeRouting - Generating snapshot
2021-05-19 15:46:01.009 [Thread-0] INFO  eu.mihosoft.freerouting.FreeRouting - Generating snapshot
2021-05-19 15:46:01.028 [Thread-0] INFO  eu.mihosoft.freerouting.FreeRouting - Generating snapshot
2021-05-19 15:46:01.036 [Thread-0] INFO  eu.mihosoft.freerouting.FreeRouting - Generating snapshot
2021-05-19 15:46:01.060 [Thread-0] INFO  eu.mihosoft.freerouting.FreeRouting - Generating snapshot
2021-05-19 15:46:01.067 [Thread-0] INFO  eu.mihosoft.freerouting.FreeRouting - Generating snapshot
2021-05-19 15:46:01.076 [Thread-0] INFO  eu.mihosoft.freerouting.FreeRouting - Generating snapshot
2021-05-19 15:46:01.085 [Thread-0] INFO  eu.mihosoft.freerouting.FreeRouting - Generating snapshot
2021-05-19 15:46:01.094 [Thread-0] INFO  eu.mihosoft.freerouting.FreeRouting - Generating snapshot
2021-05-19 15:46:01.104 [Thread-0] INFO  eu.mihosoft.freerouting.FreeRouting - Generating snapshot
2021-05-19 15:46:01.109 [Thread-0] INFO  eu.mihosoft.freerouting.FreeRouting - Generating snapshot
2021-05-19 15:46:01.114 [Thread-0] INFO  eu.mihosoft.freerouting.FreeRouting - Generating snapshot
2021-05-19 15:46:01.120 [Thread-0] INFO  eu.mihosoft.freerouting.FreeRouting - Generating snapshot
2021-05-19 15:46:01.128 [Thread-0] INFO  eu.mihosoft.freerouting.FreeRouting - Generating snapshot
2021-05-19 15:46:01.132 [Thread-0] INFO  eu.mihosoft.freerouting.FreeRouting - Generating snapshot
2021-05-19 15:46:01.138 [Thread-0] INFO  eu.mihosoft.freerouting.FreeRouting - Generating snapshot
2021-05-19 15:46:01.143 [Thread-0] INFO  eu.mihosoft.freerouting.FreeRouting - Generating snapshot
2021-05-19 15:46:01.148 [Thread-0] INFO  eu.mihosoft.freerouting.FreeRouting - Generating snapshot
2021-05-19 15:46:01.152 [Thread-0] INFO  eu.mihosoft.freerouting.FreeRouting - Generating snapshot
2021-05-19 15:46:01.157 [Thread-0] INFO  eu.mihosoft.freerouting.FreeRouting - Generating snapshot
2021-05-19 15:46:01.161 [Thread-0] INFO  eu.mihosoft.freerouting.FreeRouting - Generating snapshot
2021-05-19 15:46:01.165 [Thread-0] INFO  eu.mihosoft.freerouting.FreeRouting - Generating snapshot
2021-05-19 15:46:01.169 [Thread-0] INFO  eu.mihosoft.freerouting.FreeRouting - Generating snapshot
2021-05-19 15:46:01.176 [Thread-0] INFO  eu.mihosoft.freerouting.FreeRouting - Generating snapshot
2021-05-19 15:46:01.184 [Thread-0] INFO  eu.mihosoft.freerouting.FreeRouting - Generating snapshot
2021-05-19 15:46:01.188 [Thread-0] INFO  eu.mihosoft.freerouting.FreeRouting - Generating snapshot
2021-05-19 15:46:01.193 [Thread-0] INFO  eu.mihosoft.freerouting.FreeRouting - Generating snapshot
2021-05-19 15:46:01.201 [Thread-0] INFO  eu.mihosoft.freerouting.FreeRouting - Generating snapshot
2021-05-19 15:46:01.206 [Thread-0] INFO  eu.mihosoft.freerouting.FreeRouting - Generating snapshot
2021-05-19 15:46:01.215 [Thread-0] INFO  eu.mihosoft.freerouting.FreeRouting - Generating snapshot
2021-05-19 15:46:01.223 [Thread-0] INFO  eu.mihosoft.freerouting.FreeRouting - Generating snapshot
2021-05-19 15:46:01.231 [Thread-0] INFO  eu.mihosoft.freerouting.FreeRouting - Generating snapshot
2021-05-19 15:46:01.246 [Thread-0] INFO  eu.mihosoft.freerouting.FreeRouting - Generating snapshot
2021-05-19 15:46:01.252 [Thread-0] INFO  eu.mihosoft.freerouting.FreeRouting - Generating snapshot
2021-05-19 15:46:01.259 [Thread-0] INFO  eu.mihosoft.freerouting.FreeRouting - Generating snapshot
2021-05-19 15:46:01.267 [Thread-0] INFO  eu.mihosoft.freerouting.FreeRouting - Generating snapshot
2021-05-19 15:46:01.278 [Thread-0] TRACE eu.mihosoft.freerouting.FreeRouting - Method 'BatchAutorouterThread.thread_action()' was performed in 1.12 seconds.
2021-05-19 15:46:01.279 [Thread-0] INFO  eu.mihosoft.freerouting.FreeRouting - Saving 'Rectifier.ses'...
